#
# A fatal error has been detected by the Java Runtime Environment:
#
#  SIGSEGV (0xb) at pc=0x00007ff3c18ce638, pid=5989, tid=140683477239552
#
# JRE version: Java(TM) SE Runtime Environment (8.0_05-b13) (build 1.8.0_05-b13)
# Java VM: Java HotSpot(TM) 64-Bit Server VM (25.5-b02 mixed mode linux-amd64 compressed oops)
# Problematic frame:
# V  [libjvm.so+0x666638]  jni_invoke_nonstatic(JNIEnv_*, JavaValue*, _jobject*, JNICallType, _jmethodID*, JNI_ArgumentPusher*, Thread*)+0x38
#
# Failed to write core dump. Core dumps have been disabled. To enable core dumping, try "ulimit -c unlimited" before starting Java again
#
# If you would like to submit a bug report, please visit:
#   http://bugreport.sun.com/bugreport/crash.jsp
#

---------------  T H R E A D  ---------------

Current thread (0x00007ff3bc24d000):  JavaThread "JavaFX Application Thread" [_thread_in_vm, id=6009, stack(0x00007ff36c9fc000,0x00007ff36cafd000)]

siginfo:si_signo=SIGSEGV: si_errno=0, si_code=1 (SEGV_MAPERR), si_addr=0x0000000000000035

Registers:
RAX=0x00007ff36cafb3d0, RBX=0x00007ff36cafb2e0, RCX=0x0000000000000001, RDX=0x0000000000000035
RSP=0x00007ff36cafb140, RBP=0x00007ff36cafb2b0, RSI=0x00007ff36cafb340, RDI=0x00007ff3bc24d1e0
R8 =0x00007ff3bc1d47a8, R9 =0x00007ff36cafb2e0, R10=0x00007ff364000b20, R11=0x00007ff3ad126000
R12=0x00007ff3bc24d000, R13=0x00007ff3bc1d47a8, R14=0x0000000000000001, R15=0x00007ff3bc24d1e0
RIP=0x00007ff3c18ce638, EFLAGS=0x0000000000010206, CSGSFS=0x0000000000000033, ERR=0x0000000000000004
  TRAPNO=0x000000000000000e

Top of Stack: (sp=0x00007ff36cafb140)
0x00007ff36cafb140:   00007ff36cafb1f0 00007ff36cafb170
0x00007ff36cafb150:   00007ff36cafb2e0 00007ff36cafb340
0x00007ff36cafb160:   00007ff3bc24d1e0 00007ff3c18ed520
0x00007ff36cafb170:   00007ff3bc257670 00000000ec4023d8
0x00007ff36cafb180:   00007ff30000006f 000000000000000a
0x00007ff36cafb190:   00000000eb8bbdf0 0000000000000000
0x00007ff36cafb1a0:   00007ff3aa0c1618 00007ff3bc24d000
0x00007ff36cafb1b0:   0100000000000001 00000001000001a7
0x00007ff36cafb1c0:   00007ff3aa0c1618 00007ff36cafb178
0x00007ff36cafb1d0:   00007ff36cafb1b9 0000000800000005
0x00007ff36cafb1e0:   0000000000000000 0000000000000000
0x00007ff36cafb1f0:   00007ff3c2107cf0 00007ff3c2c27ce0
0x00007ff36cafb200:   0000000058498bf3 00000000000a35d9
0x00007ff36cafb210:   0000000000000000 00007ff3bc24d000
0x00007ff36cafb220:   00007ff3aa0b8e40 00007ff3bc24d000
0x00007ff36cafb230:   00007ff3bc258070 00007ff39004d730
0x00007ff36cafb240:   00007ff39004d740 00007ff39004db18
0x00007ff36cafb250:   00000000000003d8 00007ff3c18ceef4
0x00007ff36cafb260:   00007ff3aa0b8e40 00007ff3bc24d000
0x00007ff36cafb270:   00007ff3aa0b8e40 00007ff3aa0b8e40
0x00007ff36cafb280:   00007ff3bc24d1e0 00007ff36cafb2e0
0x00007ff36cafb290:   00007ff3bc24d000 00007ff36cafb320
0x00007ff36cafb2a0:   00007ff3bc1d47a8 00007ff3bc24d1e0
0x00007ff36cafb2b0:   00007ff36cafb3a0 00007ff3c18d253f
0x00007ff36cafb2c0:   00007ff3bc24d000 00007ff379075fc4
0x00007ff36cafb2d0:   00007ff36cafb3b0 0000000000000035
0x00007ff36cafb2e0:   00007ff3c2108a90 00007ff3c2c27ce0
0x00007ff36cafb2f0:   000000006cafb2d9 0000000800000063
0x00007ff36cafb300:   0000000000000000 0000003000000018
0x00007ff36cafb310:   00007ff36cafb490 00007ff36cafb3d0
0x00007ff36cafb320:   00007ff3bc24d000 0000000000000000
0x00007ff36cafb330:   000000000000000b 00007ff36cafb448 

Instructions: (pc=0x00007ff3c18ce638)
0x00007ff3c18ce618:   00 00 48 85 d2 48 89 bd b0 fe ff ff 48 89 b5 a8
0x00007ff3c18ce628:   fe ff ff 4c 89 8d a0 fe ff ff 0f 84 10 0a 00 00
0x00007ff3c18ce638:   4c 8b 22 4d 85 e4 0f 84 04 0a 00 00 48 8b 45 10
0x00007ff3c18ce648:   48 8b 98 20 01 00 00 48 83 7b 10 f7 0f 87 46 06 

Register to memory mapping:

RAX=0x00007ff36cafb3d0 is pointing into the stack for thread: 0x00007ff3bc24d000
RBX=0x00007ff36cafb2e0 is pointing into the stack for thread: 0x00007ff3bc24d000
RCX=0x0000000000000001 is an unknown value
RDX=0x0000000000000035 is an unknown value
RSP=0x00007ff36cafb140 is pointing into the stack for thread: 0x00007ff3bc24d000
RBP=0x00007ff36cafb2b0 is pointing into the stack for thread: 0x00007ff3bc24d000
RSI=0x00007ff36cafb340 is pointing into the stack for thread: 0x00007ff3bc24d000
RDI=0x00007ff3bc24d1e0 is an unknown value
R8 =0x00007ff3bc1d47a8 is an unknown value
R9 =0x00007ff36cafb2e0 is pointing into the stack for thread: 0x00007ff3bc24d000
R10=0x00007ff364000b20 is an unknown value
R11=0x00007ff3ad126000 is at entry_point+32 in (nmethod*)0x00007ff3ad125e90
R12=0x00007ff3bc24d000 is a thread
R13=0x00007ff3bc1d47a8 is an unknown value
R14=0x0000000000000001 is an unknown value
R15=0x00007ff3bc24d1e0 is an unknown value


Stack: [0x00007ff36c9fc000,0x00007ff36cafd000],  sp=0x00007ff36cafb140,  free space=1020k
Native frames: (J=compiled Java code, j=interpreted, Vv=VM code, C=native code)
V  [libjvm.so+0x666638]  jni_invoke_nonstatic(JNIEnv_*, JavaValue*, _jobject*, JNICallType, _jmethodID*, JNI_ArgumentPusher*, Thread*)+0x38
V  [libjvm.so+0x66a53f]  jni_CallVoidMethodV+0x10f
C  [libglass.so+0x1a208]  JNIEnv_::CallVoidMethod(_jobject*, _jmethodID*, ...)+0x98
C  [libglass.so+0x18215]  WindowContextBase::process_key(_GdkEventKey*)+0x215
C  [libglass.so+0x20450]  WindowContextBase::im_filter_keypress(_GdkEventKey*)+0x1e0
C  [libglass.so+0x222a4]  process_events(_GdkEvent*, void*)+0x204

Java frames: (J=compiled Java code, j=interpreted, Vv=VM code)
j  com.sun.glass.ui.gtk.GtkApplication._runLoop(Ljava/lang/Runnable;Z)V+0
j  com.sun.glass.ui.gtk.GtkApplication.access$200(Lcom/sun/glass/ui/gtk/GtkApplication;Ljava/lang/Runnable;Z)V+3
j  com.sun.glass.ui.gtk.GtkApplication$6$1.run()V+31
j  java.lang.Thread.run()V+11
v  ~StubRoutines::call_stub

---------------  P R O C E S S  ---------------

Java Threads: ( => current thread )
  0x00007ff36440e800 JavaThread "AWT-EventQueue-0" [_thread_blocked, id=6017, stack(0x00007ff35dcaa000,0x00007ff35ddab000)]
  0x00007ff36440b000 JavaThread "AWT-Shutdown" [_thread_blocked, id=6016, stack(0x00007ff35ddab000,0x00007ff35deac000)]
  0x00007ff364397800 JavaThread "Image Fetcher 0" daemon [_thread_blocked, id=6015, stack(0x00007ff35e552000,0x00007ff35e653000)]
  0x00007ff364376000 JavaThread "AWT-XAWT" daemon [_thread_in_native, id=6014, stack(0x00007ff35e653000,0x00007ff35e754000)]
  0x00007ff364364000 JavaThread "Java2D Disposer" daemon [_thread_blocked, id=6013, stack(0x00007ff35e954000,0x00007ff35ea55000)]
  0x00007ff364212000 JavaThread "Prism Font Disposer" daemon [_thread_blocked, id=6012, stack(0x00007ff35f5f5000,0x00007ff35f6f6000)]
  0x00007ff3bc26f800 JavaThread "JavaFX-Launcher" [_thread_blocked, id=6011, stack(0x00007ff36c0fa000,0x00007ff36c1fb000)]
=>0x00007ff3bc24d000 JavaThread "JavaFX Application Thread" [_thread_in_vm, id=6009, stack(0x00007ff36c9fc000,0x00007ff36cafd000)]
  0x00007ff3bc26b800 JavaThread "Thread-1" daemon [_thread_blocked, id=6008, stack(0x00007ff36cafd000,0x00007ff36cbfe000)]
  0x00007ff3bc1c3800 JavaThread "QuantumRenderer-0" daemon [_thread_blocked, id=6004, stack(0x00007ff3a809a000,0x00007ff3a819b000)]
  0x00007ff3bc13a000 JavaThread "Service Thread" daemon [_thread_blocked, id=6002, stack(0x00007ff3a8342000,0x00007ff3a8443000)]
  0x00007ff3bc134000 JavaThread "C1 CompilerThread1" daemon [_thread_blocked, id=6001, stack(0x00007ff3a8443000,0x00007ff3a8544000)]
  0x00007ff3bc131000 JavaThread "C2 CompilerThread0" daemon [_thread_blocked, id=6000, stack(0x00007ff3a8544000,0x00007ff3a8645000)]
  0x00007ff3bc12f000 JavaThread "Signal Dispatcher" daemon [_thread_blocked, id=5999, stack(0x00007ff3a8645000,0x00007ff3a8746000)]
  0x00007ff3bc0ff800 JavaThread "Finalizer" daemon [_thread_blocked, id=5998, stack(0x00007ff3a8e28000,0x00007ff3a8f29000)]
  0x00007ff3bc0fb800 JavaThread "Reference Handler" daemon [_thread_blocked, id=5997, stack(0x00007ff3a8f29000,0x00007ff3a902a000)]
  0x00007ff3bc00a000 JavaThread "main" [_thread_blocked, id=5991, stack(0x00007ff3c2c91000,0x00007ff3c2d92000)]

Other Threads:
  0x00007ff3bc0f6000 VMThread [stack: 0x00007ff3a902a000,0x00007ff3a912b000] [id=5995]
  0x00007ff3bc13b800 WatcherThread [stack: 0x00007ff3a8241000,0x00007ff3a8342000] [id=6003]

VM state:not at safepoint (normal execution)

VM Mutex/Monitor currently owned by a thread: None

Heap:
 PSYoungGen      total 14336K, used 4289K [0x00000000eb600000, 0x00000000ece00000, 0x0000000100000000)
  eden space 10752K, 15% used [0x00000000eb600000,0x00000000eb7a4518,0x00000000ec080000)
  from space 3584K, 72% used [0x00000000ec080000,0x00000000ec30bfb8,0x00000000ec400000)
  to   space 3584K, 0% used [0x00000000eca80000,0x00000000eca80000,0x00000000ece00000)
 ParOldGen       total 61952K, used 15048K [0x00000000c2200000, 0x00000000c5e80000, 0x00000000eb600000)
  object space 61952K, 24% used [0x00000000c2200000,0x00000000c30b21a8,0x00000000c5e80000)
 Metaspace       used 20890K, capacity 20996K, committed 21248K, reserved 1067008K
  class space    used 2944K, capacity 2974K, committed 3072K, reserved 1048576K

Card table byte_map: [0x00007ff3ac834000,0x00007ff3aca24000] byte_map_base: 0x00007ff3ac223000

Marking Bits: (ParMarkBitMap*) 0x00007ff3c2160cc0
 Begin Bits: [0x00007ff3aa5f8000, 0x00007ff3ab570000)
 End Bits:   [0x00007ff3ab570000, 0x00007ff3ac4e8000)

Polling page: 0x00007ff3c2da9000

CodeCache: size=245760Kb used=4797Kb max_used=4813Kb free=240962Kb
 bounds [0x00007ff3acde4000, 0x00007ff3ad2a4000, 0x00007ff3bbde4000]
 total_blobs=2331 nmethods=1552 adapters=693
 compilation: enabled

Compilation events (10 events):
Event: 8.207 Thread 0x00007ff3bc134000 1548       3       javafx.scene.layout.Region::getBorder (11 bytes)
Event: 8.207 Thread 0x00007ff3bc134000 nmethod 1548 0x00007ff3ad292310 code [0x00007ff3ad292480, 0x00007ff3ad292788]
Event: 8.207 Thread 0x00007ff3bc134000 1549       3       javafx.beans.property.DoublePropertyBase::fireValueChangedEvent (8 bytes)
Event: 8.207 Thread 0x00007ff3bc134000 nmethod 1549 0x00007ff3ad292850 code [0x00007ff3ad2929c0, 0x00007ff3ad292c68]
Event: 8.207 Thread 0x00007ff3bc134000 1550       3       java.lang.Double::doubleValue (5 bytes)
Event: 8.207 Thread 0x00007ff3bc134000 nmethod 1550 0x00007ff3ad292d50 code [0x00007ff3ad292ea0, 0x00007ff3ad292ff0]
Event: 8.207 Thread 0x00007ff3bc134000 1551       3       javafx.scene.control.SkinBase::snapSize (19 bytes)
Event: 8.207 Thread 0x00007ff3bc134000 nmethod 1551 0x00007ff3ad293050 code [0x00007ff3ad293200, 0x00007ff3ad293528]
Event: 8.208 Thread 0x00007ff3bc131000 1552       4       com.sun.javafx.iio.common.SmoothMinifier::putSourceScanline (781 bytes)
Event: 8.245 Thread 0x00007ff3bc131000 nmethod 1552 0x00007ff3ad297510 code [0x00007ff3ad2976e0, 0x00007ff3ad298908]

GC Heap History (10 events):
Event: 0.562 GC heap before
{Heap before GC invocations=7 (full 0):
 PSYoungGen      total 5120K, used 4816K [0x00000000eb600000, 0x00000000ebc00000, 0x0000000100000000)
  eden space 4096K, 100% used [0x00000000eb600000,0x00000000eba00000,0x00000000eba00000)
  from space 1024K, 70% used [0x00000000ebb00000,0x00000000ebbb4020,0x00000000ebc00000)
  to   space 1024K, 0% used [0x00000000eba00000,0x00000000eba00000,0x00000000ebb00000)
 ParOldGen       total 61952K, used 3220K [0x00000000c2200000, 0x00000000c5e80000, 0x00000000eb600000)
  object space 61952K, 5% used [0x00000000c2200000,0x00000000c2525010,0x00000000c5e80000)
 Metaspace       used 8156K, capacity 8360K, committed 8576K, reserved 1056768K
  class space    used 1071K, capacity 1108K, committed 1152K, reserved 1048576K
Event: 0.565 GC heap after
Heap after GC invocations=7 (full 0):
 PSYoungGen      total 5120K, used 992K [0x00000000eb600000, 0x00000000ec100000, 0x0000000100000000)
  eden space 4096K, 0% used [0x00000000eb600000,0x00000000eb600000,0x00000000eba00000)
  from space 1024K, 96% used [0x00000000eba00000,0x00000000ebaf8020,0x00000000ebb00000)
  to   space 1536K, 0% used [0x00000000ebf80000,0x00000000ebf80000,0x00000000ec100000)
 ParOldGen       total 61952K, used 3656K [0x00000000c2200000, 0x00000000c5e80000, 0x00000000eb600000)
  object space 61952K, 5% used [0x00000000c2200000,0x00000000c2592090,0x00000000c5e80000)
 Metaspace       used 8156K, capacity 8360K, committed 8576K, reserved 1056768K
  class space    used 1071K, capacity 1108K, committed 1152K, reserved 1048576K
}
Event: 0.655 GC heap before
{Heap before GC invocations=8 (full 0):
 PSYoungGen      total 5120K, used 5088K [0x00000000eb600000, 0x00000000ec100000, 0x0000000100000000)
  eden space 4096K, 100% used [0x00000000eb600000,0x00000000eba00000,0x00000000eba00000)
  from space 1024K, 96% used [0x00000000eba00000,0x00000000ebaf8020,0x00000000ebb00000)
  to   space 1536K, 0% used [0x00000000ebf80000,0x00000000ebf80000,0x00000000ec100000)
 ParOldGen       total 61952K, used 3656K [0x00000000c2200000, 0x00000000c5e80000, 0x00000000eb600000)
  object space 61952K, 5% used [0x00000000c2200000,0x00000000c2592090,0x00000000c5e80000)
 Metaspace       used 9346K, capacity 9470K, committed 9600K, reserved 1056768K
  class space    used 1255K, capacity 1301K, committed 1408K, reserved 1048576K
Event: 0.660 GC heap after
Heap after GC invocations=8 (full 0):
 PSYoungGen      total 9216K, used 1536K [0x00000000eb600000, 0x00000000ec200000, 0x0000000100000000)
  eden space 7680K, 0% used [0x00000000eb600000,0x00000000eb600000,0x00000000ebd80000)
  from space 1536K, 100% used [0x00000000ebf80000,0x00000000ec100000,0x00000000ec100000)
  to   space 2048K, 0% used [0x00000000ebd80000,0x00000000ebd80000,0x00000000ebf80000)
 ParOldGen       total 61952K, used 4016K [0x00000000c2200000, 0x00000000c5e80000, 0x00000000eb600000)
  object space 61952K, 6% used [0x00000000c2200000,0x00000000c25ec0b0,0x00000000c5e80000)
 Metaspace       used 9346K, capacity 9470K, committed 9600K, reserved 1056768K
  class space    used 1255K, capacity 1301K, committed 1408K, reserved 1048576K
}
Event: 0.917 GC heap before
{Heap before GC invocations=9 (full 0):
 PSYoungGen      total 9216K, used 9216K [0x00000000eb600000, 0x00000000ec200000, 0x0000000100000000)
  eden space 7680K, 100% used [0x00000000eb600000,0x00000000ebd80000,0x00000000ebd80000)
  from space 1536K, 100% used [0x00000000ebf80000,0x00000000ec100000,0x00000000ec100000)
  to   space 2048K, 0% used [0x00000000ebd80000,0x00000000ebd80000,0x00000000ebf80000)
 ParOldGen       total 61952K, used 4016K [0x00000000c2200000, 0x00000000c5e80000, 0x00000000eb600000)
  object space 61952K, 6% used [0x00000000c2200000,0x00000000c25ec0b0,0x00000000c5e80000)
 Metaspace       used 12159K, capacity 12254K, committed 12288K, reserved 1060864K
  class space    used 1760K, capacity 1781K, committed 1792K, reserved 1048576K
Event: 0.921 GC heap after
Heap after GC invocations=9 (full 0):
 PSYoungGen      total 9728K, used 2048K [0x00000000eb600000, 0x00000000ec600000, 0x0000000100000000)
  eden space 7680K, 0% used [0x00000000eb600000,0x00000000eb600000,0x00000000ebd80000)
  from space 2048K, 100% used [0x00000000ebd80000,0x00000000ebf80000,0x00000000ebf80000)
  to   space 2048K, 0% used [0x00000000ec400000,0x00000000ec400000,0x00000000ec600000)
 ParOldGen       total 61952K, used 5104K [0x00000000c2200000, 0x00000000c5e80000, 0x00000000eb600000)
  object space 61952K, 8% used [0x00000000c2200000,0x00000000c26fc0c0,0x00000000c5e80000)
 Metaspace       used 12159K, capacity 12254K, committed 12288K, reserved 1060864K
  class space    used 1760K, capacity 1781K, committed 1792K, reserved 1048576K
}
Event: 1.118 GC heap before
{Heap before GC invocations=10 (full 0):
 PSYoungGen      total 9728K, used 8111K [0x00000000eb600000, 0x00000000ec600000, 0x0000000100000000)
  eden space 7680K, 78% used [0x00000000eb600000,0x00000000ebbebf78,0x00000000ebd80000)
  from space 2048K, 100% used [0x00000000ebd80000,0x00000000ebf80000,0x00000000ebf80000)
  to   space 2048K, 0% used [0x00000000ec400000,0x00000000ec400000,0x00000000ec600000)
 ParOldGen       total 61952K, used 8992K [0x00000000c2200000, 0x00000000c5e80000, 0x00000000eb600000)
  object space 61952K, 14% used [0x00000000c2200000,0x00000000c2ac80d0,0x00000000c5e80000)
 Metaspace       used 13400K, capacity 13502K, committed 13696K, reserved 1060864K
  class space    used 2030K, capacity 2069K, committed 2176K, reserved 1048576K
Event: 1.123 GC heap after
Heap after GC invocations=10 (full 0):
 PSYoungGen      total 12800K, used 2035K [0x00000000eb600000, 0x00000000ec900000, 0x0000000100000000)
  eden space 10752K, 0% used [0x00000000eb600000,0x00000000eb600000,0x00000000ec080000)
  from space 2048K, 99% used [0x00000000ec400000,0x00000000ec5fcc10,0x00000000ec600000)
  to   space 3584K, 0% used [0x00000000ec080000,0x00000000ec080000,0x00000000ec400000)
 ParOldGen       total 61952K, used 11130K [0x00000000c2200000, 0x00000000c5e80000, 0x00000000eb600000)
  object space 61952K, 17% used [0x00000000c2200000,0x00000000c2cde988,0x00000000c5e80000)
 Metaspace       used 13400K, capacity 13502K, committed 13696K, reserved 1060864K
  class space    used 2030K, capacity 2069K, committed 2176K, reserved 1048576K
}
Event: 8.179 GC heap before
{Heap before GC invocations=11 (full 0):
 PSYoungGen      total 12800K, used 12787K [0x00000000eb600000, 0x00000000ec900000, 0x0000000100000000)
  eden space 10752K, 100% used [0x00000000eb600000,0x00000000ec080000,0x00000000ec080000)
  from space 2048K, 99% used [0x00000000ec400000,0x00000000ec5fcc10,0x00000000ec600000)
  to   space 3584K, 0% used [0x00000000ec080000,0x00000000ec080000,0x00000000ec400000)
 ParOldGen       total 61952K, used 11130K [0x00000000c2200000, 0x00000000c5e80000, 0x00000000eb600000)
  object space 61952K, 17% used [0x00000000c2200000,0x00000000c2cde988,0x00000000c5e80000)
 Metaspace       used 20808K, capacity 20932K, committed 21248K, reserved 1067008K
  class space    used 2926K, capacity 2974K, committed 3072K, reserved 1048576K
Event: 8.190 GC heap after
Heap after GC invocations=11 (full 0):
 PSYoungGen      total 14336K, used 2607K [0x00000000eb600000, 0x00000000ece00000, 0x0000000100000000)
  eden space 10752K, 0% used [0x00000000eb600000,0x00000000eb600000,0x00000000ec080000)
  from space 3584K, 72% used [0x00000000ec080000,0x00000000ec30bfb8,0x00000000ec400000)
  to   space 3584K, 0% used [0x00000000eca80000,0x00000000eca80000,0x00000000ece00000)
 ParOldGen       total 61952K, used 15048K [0x00000000c2200000, 0x00000000c5e80000, 0x00000000eb600000)
  object space 61952K, 24% used [0x00000000c2200000,0x00000000c30b21a8,0x00000000c5e80000)
 Metaspace       used 20808K, capacity 20932K, committed 21248K, reserved 1067008K
  class space    used 2926K, capacity 2974K, committed 3072K, reserved 1048576K
}

Deoptimization events (10 events):
Event: 5.745 Thread 0x00007ff3bc24d000 Uncommon trap: reason=class_check action=maybe_recompile pc=0x00007ff3ad0d1c58 method=java.util.HashMap.putVal(ILjava/lang/Object;Ljava/lang/Object;ZZ)Ljava/lang/Object; @ 203
Event: 5.798 Thread 0x00007ff3bc24d000 Uncommon trap: reason=class_check action=maybe_recompile pc=0x00007ff3ad0d1c58 method=java.util.HashMap.putVal(ILjava/lang/Object;Ljava/lang/Object;ZZ)Ljava/lang/Object; @ 203
Event: 5.798 Thread 0x00007ff3bc24d000 Uncommon trap: reason=class_check action=maybe_recompile pc=0x00007ff3ad0d1c58 method=java.util.HashMap.putVal(ILjava/lang/Object;Ljava/lang/Object;ZZ)Ljava/lang/Object; @ 203
Event: 5.798 Thread 0x00007ff3bc24d000 Uncommon trap: reason=class_check action=maybe_recompile pc=0x00007ff3ad0d1c58 method=java.util.HashMap.putVal(ILjava/lang/Object;Ljava/lang/Object;ZZ)Ljava/lang/Object; @ 203
Event: 5.812 Thread 0x00007ff3bc24d000 Uncommon trap: reason=unreached action=reinterpret pc=0x00007ff3ad076008 method=java.lang.AbstractStringBuilder.append(Ljava/lang/String;)Ljava/lang/AbstractStringBuilder; @ 1
Event: 5.815 Thread 0x00007ff3bc24d000 Uncommon trap: reason=unreached action=reinterpret pc=0x00007ff3acffa040 method=java.lang.AbstractStringBuilder.append(Ljava/lang/String;)Ljava/lang/AbstractStringBuilder; @ 1
Event: 8.106 Thread 0x00007ff3bc24d000 Uncommon trap: reason=class_check action=maybe_recompile pc=0x00007ff3ad0cf48c method=java.io.FilterInputStream.read()I @ 4
Event: 8.106 Thread 0x00007ff3bc24d000 Uncommon trap: reason=class_check action=maybe_recompile pc=0x00007ff3ad0cf48c method=java.io.FilterInputStream.read()I @ 4
Event: 8.106 Thread 0x00007ff3bc24d000 Uncommon trap: reason=class_check action=maybe_recompile pc=0x00007ff3ad0cf48c method=java.io.FilterInputStream.read()I @ 4
Event: 8.106 Thread 0x00007ff3bc24d000 Uncommon trap: reason=class_check action=maybe_recompile pc=0x00007ff3ad0cf48c method=java.io.FilterInputStream.read()I @ 4

Internal exceptions (10 events):
Event: 8.092 Thread 0x00007ff3bc24d000 Exception <a 'java/security/PrivilegedActionException'> (0x00000000ebf1cf30) thrown at [/HUDSON/workspace/8-2-build-linux-amd64/jdk8u5/2488/hotspot/src/share/vm/prims/jvm.cpp, line 1248]
Event: 8.092 Thread 0x00007ff3bc24d000 Exception <a 'java/security/PrivilegedActionException'> (0x00000000ebf1dba0) thrown at [/HUDSON/workspace/8-2-build-linux-amd64/jdk8u5/2488/hotspot/src/share/vm/prims/jvm.cpp, line 1248]
Event: 8.092 Thread 0x00007ff3bc24d000 Exception <a 'java/security/PrivilegedActionException'> (0x00000000ebf1e800) thrown at [/HUDSON/workspace/8-2-build-linux-amd64/jdk8u5/2488/hotspot/src/share/vm/prims/jvm.cpp, line 1248]
Event: 8.092 Thread 0x00007ff3bc24d000 Exception <a 'java/security/PrivilegedActionException'> (0x00000000ebf1f3f0) thrown at [/HUDSON/workspace/8-2-build-linux-amd64/jdk8u5/2488/hotspot/src/share/vm/prims/jvm.cpp, line 1248]
Event: 8.092 Thread 0x00007ff3bc24d000 Exception <a 'java/security/PrivilegedActionException'> (0x00000000ebf20050) thrown at [/HUDSON/workspace/8-2-build-linux-amd64/jdk8u5/2488/hotspot/src/share/vm/prims/jvm.cpp, line 1248]
Event: 8.092 Thread 0x00007ff3bc24d000 Exception <a 'java/security/PrivilegedActionException'> (0x00000000ebf20c40) thrown at [/HUDSON/workspace/8-2-build-linux-amd64/jdk8u5/2488/hotspot/src/share/vm/prims/jvm.cpp, line 1248]
Event: 8.092 Thread 0x00007ff3bc24d000 Exception <a 'java/security/PrivilegedActionException'> (0x00000000ebf3d7b8) thrown at [/HUDSON/workspace/8-2-build-linux-amd64/jdk8u5/2488/hotspot/src/share/vm/prims/jvm.cpp, line 1248]
Event: 8.092 Thread 0x00007ff3bc24d000 Exception <a 'java/security/PrivilegedActionException'> (0x00000000ebf3e3f8) thrown at [/HUDSON/workspace/8-2-build-linux-amd64/jdk8u5/2488/hotspot/src/share/vm/prims/jvm.cpp, line 1248]
Event: 8.092 Thread 0x00007ff3bc24d000 Exception <a 'java/lang/ArrayIndexOutOfBoundsException'> (0x00000000ebf41458) thrown at [/HUDSON/workspace/8-2-build-linux-amd64/jdk8u5/2488/hotspot/src/share/vm/runtime/sharedRuntime.cpp, line 595]
Event: 8.093 Thread 0x00007ff3bc24d000 Exception <a 'java/lang/ArrayIndexOutOfBoundsException'> (0x00000000ebf47000) thrown at [/HUDSON/workspace/8-2-build-linux-amd64/jdk8u5/2488/hotspot/src/share/vm/runtime/sharedRuntime.cpp, line 595]

Events (10 events):
Event: 8.243 Thread 0x00007ff3bc24d000 DEOPT PACKING pc=0x00007ff3ad0e3a61 sp=0x00007ff36caf7c80
Event: 8.243 Thread 0x00007ff3bc24d000 DEOPT UNPACKING pc=0x00007ff3ace2b41a sp=0x00007ff36caf79e8 mode 0
Event: 8.243 Thread 0x00007ff3bc24d000 DEOPT PACKING pc=0x00007ff3ad0e3a61 sp=0x00007ff36caf7c80
Event: 8.243 Thread 0x00007ff3bc24d000 DEOPT UNPACKING pc=0x00007ff3ace2b41a sp=0x00007ff36caf79e8 mode 0
Event: 8.243 Thread 0x00007ff3bc24d000 DEOPT PACKING pc=0x00007ff3ad0e3a61 sp=0x00007ff36caf7c80
Event: 8.243 Thread 0x00007ff3bc24d000 DEOPT UNPACKING pc=0x00007ff3ace2b41a sp=0x00007ff36caf79e8 mode 0
Event: 8.243 Thread 0x00007ff3bc24d000 DEOPT PACKING pc=0x00007ff3ad0e3a61 sp=0x00007ff36caf7c80
Event: 8.243 Thread 0x00007ff3bc24d000 DEOPT UNPACKING pc=0x00007ff3ace2b41a sp=0x00007ff36caf79e8 mode 0
Event: 8.243 Thread 0x00007ff3bc24d000 DEOPT PACKING pc=0x00007ff3ad0e3a61 sp=0x00007ff36caf7c80
Event: 8.243 Thread 0x00007ff3bc24d000 DEOPT UNPACKING pc=0x00007ff3ace2b41a sp=0x00007ff36caf79e8 mode 0


Dynamic libraries:
00400000-00401000 r-xp 00000000 08:01 408168                             /usr/lib/jvm/java-8-oracle/jre/bin/java
00600000-00601000 rw-p 00000000 08:01 408168                             /usr/lib/jvm/java-8-oracle/jre/bin/java
025a0000-025c1000 rw-p 00000000 00:00 0                                  [heap]
c2200000-c5e80000 rw-p 00000000 00:00 0 
c5e80000-eb600000 ---p 00000000 00:00 0 
eb600000-ece00000 rw-p 00000000 00:00 0 
ece00000-100000000 ---p 00000000 00:00 0 
100000000-100300000 rw-p 00000000 00:00 0 
100300000-140000000 ---p 00000000 00:00 0 
7ff35daaa000-7ff35dc6a000 rw-p 00000000 00:00 0 
7ff35dc6a000-7ff35dcaa000 ---p 00000000 00:00 0 
7ff35dcaa000-7ff35dcad000 ---p 00000000 00:00 0 
7ff35dcad000-7ff35ddab000 rw-p 00000000 00:00 0                          [stack:6017]
7ff35ddab000-7ff35ddae000 ---p 00000000 00:00 0 
7ff35ddae000-7ff35deac000 rw-p 00000000 00:00 0                          [stack:6016]
7ff35deac000-7ff35df15000 r-xp 00000000 08:01 408012                     /usr/lib/jvm/java-8-oracle/jre/lib/amd64/libt2k.so
7ff35df15000-7ff35e114000 ---p 00069000 08:01 408012                     /usr/lib/jvm/java-8-oracle/jre/lib/amd64/libt2k.so
7ff35e114000-7ff35e11b000 rw-p 00068000 08:01 408012                     /usr/lib/jvm/java-8-oracle/jre/lib/amd64/libt2k.so
7ff35e11b000-7ff35e12b000 rw-p 00000000 00:00 0 
7ff35e12b000-7ff35e13b000 r-xp 00000000 08:01 408045                     /usr/lib/jvm/java-8-oracle/jre/lib/amd64/libnio.so
7ff35e13b000-7ff35e33b000 ---p 00010000 08:01 408045                     /usr/lib/jvm/java-8-oracle/jre/lib/amd64/libnio.so
7ff35e33b000-7ff35e33c000 rw-p 00010000 08:01 408045                     /usr/lib/jvm/java-8-oracle/jre/lib/amd64/libnio.so
7ff35e33c000-7ff35e352000 r-xp 00000000 08:01 408038                     /usr/lib/jvm/java-8-oracle/jre/lib/amd64/libnet.so
7ff35e352000-7ff35e551000 ---p 00016000 08:01 408038                     /usr/lib/jvm/java-8-oracle/jre/lib/amd64/libnet.so
7ff35e551000-7ff35e552000 rw-p 00015000 08:01 408038                     /usr/lib/jvm/java-8-oracle/jre/lib/amd64/libnet.so
7ff35e552000-7ff35e555000 ---p 00000000 00:00 0 
7ff35e555000-7ff35e653000 rw-p 00000000 00:00 0                          [stack:6015]
7ff35e653000-7ff35e656000 ---p 00000000 00:00 0 
7ff35e656000-7ff35e954000 rw-p 00000000 00:00 0                          [stack:6014]
7ff35e954000-7ff35e957000 ---p 00000000 00:00 0 
7ff35e957000-7ff35ea55000 rw-p 00000000 00:00 0                          [stack:6013]
7ff35ea55000-7ff35eaba000 r-xp 00000000 08:01 408042                     /usr/lib/jvm/java-8-oracle/jre/lib/amd64/libfontmanager.so
7ff35eaba000-7ff35ecb9000 ---p 00065000 08:01 408042                     /usr/lib/jvm/java-8-oracle/jre/lib/amd64/libfontmanager.so
7ff35ecb9000-7ff35ecbd000 rw-p 00064000 08:01 408042                     /usr/lib/jvm/java-8-oracle/jre/lib/amd64/libfontmanager.so
7ff35ecbd000-7ff35eece000 rw-p 00000000 00:00 0 
7ff35eece000-7ff35ef1f000 r-xp 00000000 08:01 408054                     /usr/lib/jvm/java-8-oracle/jre/lib/amd64/libawt_xawt.so
7ff35ef1f000-7ff35f11e000 ---p 00051000 08:01 408054                     /usr/lib/jvm/java-8-oracle/jre/lib/amd64/libawt_xawt.so
7ff35f11e000-7ff35f122000 rw-p 00050000 08:01 408054                     /usr/lib/jvm/java-8-oracle/jre/lib/amd64/libawt_xawt.so
7ff35f122000-7ff35f123000 rw-p 00000000 00:00 0 
7ff35f123000-7ff35f1c6000 r-xp 00000000 08:01 408023                     /usr/lib/jvm/java-8-oracle/jre/lib/amd64/libawt.so
7ff35f1c6000-7ff35f3c5000 ---p 000a3000 08:01 408023                     /usr/lib/jvm/java-8-oracle/jre/lib/amd64/libawt.so
7ff35f3c5000-7ff35f3d1000 rw-p 000a2000 08:01 408023                     /usr/lib/jvm/java-8-oracle/jre/lib/amd64/libawt.so
7ff35f3d1000-7ff35f5f5000 rw-p 00000000 00:00 0 
7ff35f5f5000-7ff35f5f8000 ---p 00000000 00:00 0 
7ff35f5f8000-7ff35f8f6000 rw-p 00000000 00:00 0                          [stack:6012]
7ff35f8f6000-7ff35f9ba000 r-xp 00000000 08:01 408010                     /usr/lib/jvm/java-8-oracle/jre/lib/amd64/libjavafx_font_t2k.so
7ff35f9ba000-7ff35fbb9000 ---p 000c4000 08:01 408010                     /usr/lib/jvm/java-8-oracle/jre/lib/amd64/libjavafx_font_t2k.so
7ff35fbb9000-7ff35fbc1000 r--p 000c3000 08:01 408010                     /usr/lib/jvm/java-8-oracle/jre/lib/amd64/libjavafx_font_t2k.so
7ff35fbc1000-7ff35fbc3000 rw-p 000cb000 08:01 408010                     /usr/lib/jvm/java-8-oracle/jre/lib/amd64/libjavafx_font_t2k.so
7ff35fbc3000-7ff35fbc4000 rw-p 00000000 00:00 0 
7ff35fbc4000-7ff35fbc7000 r-xp 00000000 08:01 408059                     /usr/lib/jvm/java-8-oracle/jre/lib/amd64/libjavafx_font.so
7ff35fbc7000-7ff35fdc6000 ---p 00003000 08:01 408059                     /usr/lib/jvm/java-8-oracle/jre/lib/amd64/libjavafx_font.so
7ff35fdc6000-7ff35fdc7000 r--p 00002000 08:01 408059                     /usr/lib/jvm/java-8-oracle/jre/lib/amd64/libjavafx_font.so
7ff35fdc7000-7ff35fdc8000 rw-p 00003000 08:01 408059                     /usr/lib/jvm/java-8-oracle/jre/lib/amd64/libjavafx_font.so
7ff35fdc8000-7ff35fdff000 r-xp 00000000 08:01 408058                     /usr/lib/jvm/java-8-oracle/jre/lib/amd64/libjavafx_iio.so
7ff35fdff000-7ff35fffe000 ---p 00037000 08:01 408058                     /usr/lib/jvm/java-8-oracle/jre/lib/amd64/libjavafx_iio.so
7ff35fffe000-7ff35ffff000 r--p 00036000 08:01 408058                     /usr/lib/jvm/java-8-oracle/jre/lib/amd64/libjavafx_iio.so
7ff35ffff000-7ff360000000 rw-p 00037000 08:01 408058                     /usr/lib/jvm/java-8-oracle/jre/lib/amd64/libjavafx_iio.so
7ff360000000-7ff360021000 rw-p 00000000 00:00 0 
7ff360021000-7ff364000000 ---p 00000000 00:00 0 
7ff364000000-7ff3646e7000 rw-p 00000000 00:00 0 
7ff3646e7000-7ff368000000 ---p 00000000 00:00 0 
7ff368000000-7ff368021000 rw-p 00000000 00:00 0 
7ff368021000-7ff36c000000 ---p 00000000 00:00 0 
7ff36c09a000-7ff36c0fa000 rw-s 00000000 00:04 340295689                  /SYSV00000000 (deleted)
7ff36c0fa000-7ff36c0fd000 ---p 00000000 00:00 0 
7ff36c0fd000-7ff36c1fb000 rw-p 00000000 00:00 0                          [stack:6011]
7ff36c1fb000-7ff36c1fc000 ---p 00000000 00:00 0 
7ff36c1fc000-7ff36c9fc000 rw-p 00000000 00:00 0                          [stack:6010]
7ff36c9fc000-7ff36c9ff000 ---p 00000000 00:00 0 
7ff36c9ff000-7ff36cafd000 rw-p 00000000 00:00 0                          [stack:6009]
7ff36cafd000-7ff36cb00000 ---p 00000000 00:00 0 
7ff36cb00000-7ff36cbfe000 rw-p 00000000 00:00 0                          [stack:6008]
7ff36cbfe000-7ff36cbff000 ---p 00000000 00:00 0 
7ff36cbff000-7ff36d3ff000 rw-p 00000000 00:00 0                          [stack:6007]
7ff36d3ff000-7ff36d418000 r-xp 00000000 08:01 658192                     /usr/lib/x86_64-linux-gnu/gio/modules/libgioremote-volume-monitor.so
7ff36d418000-7ff36d618000 ---p 00019000 08:01 658192                     /usr/lib/x86_64-linux-gnu/gio/modules/libgioremote-volume-monitor.so
7ff36d618000-7ff36d61b000 r--p 00019000 08:01 658192                     /usr/lib/x86_64-linux-gnu/gio/modules/libgioremote-volume-monitor.so
7ff36d61b000-7ff36d61c000 rw-p 0001c000 08:01 658192                     /usr/lib/x86_64-linux-gnu/gio/modules/libgioremote-volume-monitor.so
7ff36d61c000-7ff36d627000 r-xp 00000000 08:01 658188                     /usr/lib/x86_64-linux-gnu/gio/modules/libdconfsettings.so
7ff36d627000-7ff36d827000 ---p 0000b000 08:01 658188                     /usr/lib/x86_64-linux-gnu/gio/modules/libdconfsettings.so
7ff36d827000-7ff36d828000 r--p 0000b000 08:01 658188                     /usr/lib/x86_64-linux-gnu/gio/modules/libdconfsettings.so
7ff36d828000-7ff36d829000 rw-p 0000c000 08:01 658188                     /usr/lib/x86_64-linux-gnu/gio/modules/libdconfsettings.so
7ff36d829000-7ff36d86d000 r-xp 00000000 08:01 3411944                    /lib/x86_64-linux-gnu/libdbus-1.so.3.7.6
7ff36d86d000-7ff36da6c000 ---p 00044000 08:01 3411944                    /lib/x86_64-linux-gnu/libdbus-1.so.3.7.6
7ff36da6c000-7ff36da6d000 r--p 00043000 08:01 3411944                    /lib/x86_64-linux-gnu/libdbus-1.so.3.7.6
7ff36da6d000-7ff36da6e000 rw-p 00044000 08:01 3411944                    /lib/x86_64-linux-gnu/libdbus-1.so.3.7.6
7ff36da6e000-7ff36da76000 r-xp 00000000 08:01 3411992                    /lib/x86_64-linux-gnu/libnih-dbus.so.1.0.0
7ff36da76000-7ff36dc76000 ---p 00008000 08:01 3411992                    /lib/x86_64-linux-gnu/libnih-dbus.so.1.0.0
7ff36dc76000-7ff36dc77000 r--p 00008000 08:01 3411992                    /lib/x86_64-linux-gnu/libnih-dbus.so.1.0.0
7ff36dc77000-7ff36dc78000 rw-p 00009000 08:01 3411992                    /lib/x86_64-linux-gnu/libnih-dbus.so.1.0.0
7ff36dc78000-7ff36dc8f000 r-xp 00000000 08:01 3411994                    /lib/x86_64-linux-gnu/libnih.so.1.0.0
7ff36dc8f000-7ff36de8e000 ---p 00017000 08:01 3411994                    /lib/x86_64-linux-gnu/libnih.so.1.0.0
7ff36de8e000-7ff36de8f000 r--p 00016000 08:01 3411994                    /lib/x86_64-linux-gnu/libnih.so.1.0.0
7ff36de8f000-7ff36de90000 rw-p 00017000 08:01 3411994                    /lib/x86_64-linux-gnu/libnih.so.1.0.0
7ff36de90000-7ff36dea8000 r-xp 00000000 08:01 3411935                    /lib/x86_64-linux-gnu/libcgmanager.so.0.0.0
7ff36dea8000-7ff36e0a7000 ---p 00018000 08:01 3411935                    /lib/x86_64-linux-gnu/libcgmanager.so.0.0.0
7ff36e0a7000-7ff36e0a9000 r--p 00017000 08:01 3411935                    /lib/x86_64-linux-gnu/libcgmanager.so.0.0.0
7ff36e0a9000-7ff36e0aa000 rw-p 00019000 08:01 3411935                    /lib/x86_64-linux-gnu/libcgmanager.so.0.0.0
7ff36e0aa000-7ff36e0ba000 r-xp 00000000 08:01 3412078                    /lib/x86_64-linux-gnu/libudev.so.1.3.5
7ff36e0ba000-7ff36e2b9000 ---p 00010000 08:01 3412078                    /lib/x86_64-linux-gnu/libudev.so.1.3.5
7ff36e2b9000-7ff36e2ba000 r--p 0000f000 08:01 3412078                    /lib/x86_64-linux-gnu/libudev.so.1.3.5
7ff36e2ba000-7ff36e2bb000 rw-p 00010000 08:01 3412078                    /lib/x86_64-linux-gnu/libudev.so.1.3.5
7ff36e2bb000-7ff36e2ef000 r-xp 00000000 08:01 658493                     /usr/lib/x86_64-linux-gnu/gvfs/libgvfscommon.so
7ff36e2ef000-7ff36e4ef000 ---p 00034000 08:01 658493                     /usr/lib/x86_64-linux-gnu/gvfs/libgvfscommon.so
7ff36e4ef000-7ff36e4f4000 r--p 00034000 08:01 658493                     /usr/lib/x86_64-linux-gnu/gvfs/libgvfscommon.so
7ff36e4f4000-7ff36e4f5000 rw-p 00039000 08:01 658493                     /usr/lib/x86_64-linux-gnu/gvfs/libgvfscommon.so
7ff36e4f5000-7ff36e524000 r-xp 00000000 08:01 658193                     /usr/lib/x86_64-linux-gnu/gio/modules/libgvfsdbus.so
7ff36e524000-7ff36e724000 ---p 0002f000 08:01 658193                     /usr/lib/x86_64-linux-gnu/gio/modules/libgvfsdbus.so
7ff36e724000-7ff36e725000 r--p 0002f000 08:01 658193                     /usr/lib/x86_64-linux-gnu/gio/modules/libgvfsdbus.so
7ff36e725000-7ff36e726000 rw-p 00030000 08:01 658193                     /usr/lib/x86_64-linux-gnu/gio/modules/libgvfsdbus.so
7ff36e726000-7ff36e727000 rw-p 00000000 00:00 0 
7ff36e727000-7ff36e72e000 r-xp 00000000 08:01 403074                     /usr/lib/x86_64-linux-gnu/libogg.so.0.8.1
7ff36e72e000-7ff36e92e000 ---p 00007000 08:01 403074                     /usr/lib/x86_64-linux-gnu/libogg.so.0.8.1
7ff36e92e000-7ff36e92f000 r--p 00007000 08:01 403074                     /usr/lib/x86_64-linux-gnu/libogg.so.0.8.1
7ff36e92f000-7ff36e930000 rw-p 00008000 08:01 403074                     /usr/lib/x86_64-linux-gnu/libogg.so.0.8.1
7ff36e930000-7ff36e95c000 r-xp 00000000 08:01 403352                     /usr/lib/x86_64-linux-gnu/libvorbis.so.0.4.5
7ff36e95c000-7ff36eb5b000 ---p 0002c000 08:01 403352                     /usr/lib/x86_64-linux-gnu/libvorbis.so.0.4.5
7ff36eb5b000-7ff36eb5c000 r--p 0002b000 08:01 403352                     /usr/lib/x86_64-linux-gnu/libvorbis.so.0.4.5
7ff36eb5c000-7ff36eb5d000 rw-p 0002c000 08:01 403352                     /usr/lib/x86_64-linux-gnu/libvorbis.so.0.4.5
7ff36eb5d000-7ff36eb66000 r-xp 00000000 08:01 402980                     /usr/lib/x86_64-linux-gnu/libltdl.so.7.3.0
7ff36eb66000-7ff36ed65000 ---p 00009000 08:01 402980                     /usr/lib/x86_64-linux-gnu/libltdl.so.7.3.0
7ff36ed65000-7ff36ed66000 r--p 00008000 08:01 402980                     /usr/lib/x86_64-linux-gnu/libltdl.so.7.3.0
7ff36ed66000-7ff36ed67000 rw-p 00009000 08:01 402980                     /usr/lib/x86_64-linux-gnu/libltdl.so.7.3.0
7ff36ed67000-7ff36ed78000 r-xp 00000000 08:01 403271                     /usr/lib/x86_64-linux-gnu/libtdb.so.1.2.12
7ff36ed78000-7ff36ef77000 ---p 00011000 08:01 403271                     /usr/lib/x86_64-linux-gnu/libtdb.so.1.2.12
7ff36ef77000-7ff36ef78000 r--p 00010000 08:01 403271                     /usr/lib/x86_64-linux-gnu/libtdb.so.1.2.12
7ff36ef78000-7ff36ef79000 rw-p 00011000 08:01 403271                     /usr/lib/x86_64-linux-gnu/libtdb.so.1.2.12
7ff36ef79000-7ff36ef80000 r-xp 00000000 08:01 403356                     /usr/lib/x86_64-linux-gnu/libvorbisfile.so.3.3.4
7ff36ef80000-7ff36f17f000 ---p 00007000 08:01 403356                     /usr/lib/x86_64-linux-gnu/libvorbisfile.so.3.3.4
7ff36f17f000-7ff36f180000 r--p 00006000 08:01 403356                     /usr/lib/x86_64-linux-gnu/libvorbisfile.so.3.3.4
7ff36f180000-7ff36f181000 rw-p 00007000 08:01 403356                     /usr/lib/x86_64-linux-gnu/libvorbisfile.so.3.3.4
7ff36f181000-7ff36f190000 r-xp 00000000 08:01 402494                     /usr/lib/x86_64-linux-gnu/libcanberra.so.0.2.5
7ff36f190000-7ff36f38f000 ---p 0000f000 08:01 402494                     /usr/lib/x86_64-linux-gnu/libcanberra.so.0.2.5
7ff36f38f000-7ff36f390000 r--p 0000e000 08:01 402494                     /usr/lib/x86_64-linux-gnu/libcanberra.so.0.2.5
7ff36f390000-7ff36f391000 rw-p 0000f000 08:01 402494                     /usr/lib/x86_64-linux-gnu/libcanberra.so.0.2.5
7ff36f391000-7ff36f395000 r-xp 00000000 08:01 402490                     /usr/lib/x86_64-linux-gnu/libcanberra-gtk.so.0.1.9
7ff36f395000-7ff36f594000 ---p 00004000 08:01 402490                     /usr/lib/x86_64-linux-gnu/libcanberra-gtk.so.0.1.9
7ff36f594000-7ff36f595000 r--p 00003000 08:01 402490                     /usr/lib/x86_64-linux-gnu/libcanberra-gtk.so.0.1.9
7ff36f595000-7ff36f596000 rw-p 00004000 08:01 402490                     /usr/lib/x86_64-linux-gnu/libcanberra-gtk.so.0.1.9
7ff36f596000-7ff36f59b000 r-xp 00000000 08:01 658443                     /usr/lib/x86_64-linux-gnu/gtk-2.0/modules/libcanberra-gtk-module.so
7ff36f59b000-7ff36f79a000 ---p 00005000 08:01 658443                     /usr/lib/x86_64-linux-gnu/gtk-2.0/modules/libcanberra-gtk-module.so
7ff36f79a000-7ff36f79b000 r--p 00004000 08:01 658443                     /usr/lib/x86_64-linux-gnu/gtk-2.0/modules/libcanberra-gtk-module.so
7ff36f79b000-7ff36f79c000 rw-p 00005000 08:01 658443                     /usr/lib/x86_64-linux-gnu/gtk-2.0/modules/libcanberra-gtk-module.so
7ff36f79c000-7ff36f7cb000 r-xp 00000000 08:01 658425                     /usr/lib/x86_64-linux-gnu/gtk-2.0/2.10.0/engines/libmurrine.so
7ff36f7cb000-7ff36f9cb000 ---p 0002f000 08:01 658425                     /usr/lib/x86_64-linux-gnu/gtk-2.0/2.10.0/engines/libmurrine.so
7ff36f9cb000-7ff36f9cc000 r--p 0002f000 08:01 658425                     /usr/lib/x86_64-linux-gnu/gtk-2.0/2.10.0/engines/libmurrine.so
7ff36f9cc000-7ff36f9cd000 rw-p 00030000 08:01 658425                     /usr/lib/x86_64-linux-gnu/gtk-2.0/2.10.0/engines/libmurrine.so
7ff36f9cd000-7ff36f9dd000 r-xp 00000000 08:01 403320                     /usr/lib/x86_64-linux-gnu/libunity-gtk2-parser.so.0.0.0
7ff36f9dd000-7ff36fbdc000 ---p 00010000 08:01 403320                     /usr/lib/x86_64-linux-gnu/libunity-gtk2-parser.so.0.0.0
7ff36fbdc000-7ff36fbdd000 r--p 0000f000 08:01 403320                     /usr/lib/x86_64-linux-gnu/libunity-gtk2-parser.so.0.0.0
7ff36fbdd000-7ff36fbde000 rw-p 00010000 08:01 403320                     /usr/lib/x86_64-linux-gnu/libunity-gtk2-parser.so.0.0.0
7ff36fbde000-7ff36fbe3000 r-xp 00000000 08:01 658447                     /usr/lib/x86_64-linux-gnu/gtk-2.0/modules/libunity-gtk-module.so
7ff36fbe3000-7ff36fde2000 ---p 00005000 08:01 658447                     /usr/lib/x86_64-linux-gnu/gtk-2.0/modules/libunity-gtk-module.so
7ff36fde2000-7ff36fde3000 r--p 00004000 08:01 658447                     /usr/lib/x86_64-linux-gnu/gtk-2.0/modules/libunity-gtk-module.so
7ff36fde3000-7ff36fde4000 rw-p 00005000 08:01 658447                     /usr/lib/x86_64-linux-gnu/gtk-2.0/modules/libunity-gtk-module.so
7ff36fde4000-7ff36fdf5000 r-xp 00000000 08:01 658446                     /usr/lib/x86_64-linux-gnu/gtk-2.0/modules/liboverlay-scrollbar.so
7ff36fdf5000-7ff36fff4000 ---p 00011000 08:01 658446                     /usr/lib/x86_64-linux-gnu/gtk-2.0/modules/liboverlay-scrollbar.so
7ff36fff4000-7ff36fff5000 r--p 00010000 08:01 658446                     /usr/lib/x86_64-linux-gnu/gtk-2.0/modules/liboverlay-scrollbar.so
7ff36fff5000-7ff36fff6000 rw-p 00011000 08:01 658446                     /usr/lib/x86_64-linux-gnu/gtk-2.0/modules/liboverlay-scrollbar.so
7ff36fff6000-7ff37001e000 r-xp 00000000 08:01 408013                     /usr/lib/jvm/java-8-oracle/jre/lib/amd64/libglass.so
7ff37001e000-7ff37021d000 ---p 00028000 08:01 408013                     /usr/lib/jvm/java-8-oracle/jre/lib/amd64/libglass.so
7ff37021d000-7ff37021f000 r--p 00027000 08:01 408013                     /usr/lib/jvm/java-8-oracle/jre/lib/amd64/libglass.so
7ff37021f000-7ff370220000 rw-p 00029000 08:01 408013                     /usr/lib/jvm/java-8-oracle/jre/lib/amd64/libglass.so
7ff370220000-7ff370233000 r-xp 00000000 08:01 408016                     /usr/lib/jvm/java-8-oracle/jre/lib/amd64/libprism_sw.so
7ff370233000-7ff370432000 ---p 00013000 08:01 408016                     /usr/lib/jvm/java-8-oracle/jre/lib/amd64/libprism_sw.so
7ff370432000-7ff370433000 r--p 00012000 08:01 408016                     /usr/lib/jvm/java-8-oracle/jre/lib/amd64/libprism_sw.so
7ff370433000-7ff370434000 rw-p 00013000 08:01 408016                     /usr/lib/jvm/java-8-oracle/jre/lib/amd64/libprism_sw.so
7ff370434000-7ff37046b000 r-xp 00000000 08:01 403303                     /usr/lib/x86_64-linux-gnu/libtxc_dxtn_s2tc.so.0.0.0
7ff37046b000-7ff37066a000 ---p 00037000 08:01 403303                     /usr/lib/x86_64-linux-gnu/libtxc_dxtn_s2tc.so.0.0.0
7ff37066a000-7ff37066b000 r--p 00036000 08:01 403303                     /usr/lib/x86_64-linux-gnu/libtxc_dxtn_s2tc.so.0.0.0
7ff37066b000-7ff37066c000 rw-p 00037000 08:01 403303                     /usr/lib/x86_64-linux-gnu/libtxc_dxtn_s2tc.so.0.0.0
7ff37066c000-7ff37066d000 ---p 00000000 00:00 0 
7ff37066d000-7ff370e6d000 rw-p 00000000 00:00 0                          [stack:6006]
7ff370e6d000-7ff370e6e000 ---p 00000000 00:00 0 
7ff370e6e000-7ff37166e000 rw-p 00000000 00:00 0                          [stack:6005]
7ff37166e000-7ff371693000 r-xp 00000000 08:01 3412076                    /lib/x86_64-linux-gnu/libtinfo.so.5.9
7ff371693000-7ff371892000 ---p 00025000 08:01 3412076                    /lib/x86_64-linux-gnu/libtinfo.so.5.9
7ff371892000-7ff371896000 r--p 00024000 08:01 3412076                    /lib/x86_64-linux-gnu/libtinfo.so.5.9
7ff371896000-7ff371897000 rw-p 00028000 08:01 3412076                    /lib/x86_64-linux-gnu/libtinfo.so.5.9
7ff371897000-7ff373095000 r-xp 00000000 08:01 402227                     /usr/lib/x86_64-linux-gnu/libLLVM-3.4.so.1
7ff373095000-7ff373223000 r--p 017fd000 08:01 402227                     /usr/lib/x86_64-linux-gnu/libLLVM-3.4.so.1
7ff373223000-7ff373225000 rw-p 0198b000 08:01 402227                     /usr/lib/x86_64-linux-gnu/libLLVM-3.4.so.1
7ff373225000-7ff373238000 rw-p 00000000 00:00 0 
7ff373238000-7ff373425000 r-xp 00000000 08:01 402686                     /usr/lib/x86_64-linux-gnu/libgallium.so.0.0.0
7ff373425000-7ff373625000 ---p 001ed000 08:01 402686                     /usr/lib/x86_64-linux-gnu/libgallium.so.0.0.0
7ff373625000-7ff373635000 r--p 001ed000 08:01 402686                     /usr/lib/x86_64-linux-gnu/libgallium.so.0.0.0
7ff373635000-7ff373637000 rw-p 001fd000 08:01 402686                     /usr/lib/x86_64-linux-gnu/libgallium.so.0.0.0
7ff373637000-7ff3737ff000 rw-p 00000000 00:00 0 
7ff3737ff000-7ff373b2d000 r-xp 00000000 08:01 657530                     /usr/lib/x86_64-linux-gnu/dri/swrast_dri.so
7ff373b2d000-7ff373d2d000 ---p 0032e000 08:01 657530                     /usr/lib/x86_64-linux-gnu/dri/swrast_dri.so
7ff373d2d000-7ff373d3c000 r--p 0032e000 08:01 657530                     /usr/lib/x86_64-linux-gnu/dri/swrast_dri.so
7ff373d3c000-7ff373d44000 rw-p 0033d000 08:01 657530                     /usr/lib/x86_64-linux-gnu/dri/swrast_dri.so
7ff373d44000-7ff373d64000 rw-p 00000000 00:00 0 
7ff373d64000-7ff373d6a000 r-xp 00000000 08:01 402558                     /usr/lib/x86_64-linux-gnu/libdatrie.so.1.3.1
7ff373d6a000-7ff373f69000 ---p 00006000 08:01 402558                     /usr/lib/x86_64-linux-gnu/libdatrie.so.1.3.1
7ff373f69000-7ff373f6a000 r--p 00005000 08:01 402558                     /usr/lib/x86_64-linux-gnu/libdatrie.so.1.3.1
7ff373f6a000-7ff373f6b000 rw-p 00006000 08:01 402558                     /usr/lib/x86_64-linux-gnu/libdatrie.so.1.3.1
7ff373f6b000-7ff373f70000 r-xp 00000000 08:01 402366                     /usr/lib/x86_64-linux-gnu/libXdmcp.so.6.0.0
7ff373f70000-7ff37416f000 ---p 00005000 08:01 402366                     /usr/lib/x86_64-linux-gnu/libXdmcp.so.6.0.0
7ff37416f000-7ff374170000 r--p 00004000 08:01 402366                     /usr/lib/x86_64-linux-gnu/libXdmcp.so.6.0.0
7ff374170000-7ff374171000 rw-p 00005000 08:01 402366                     /usr/lib/x86_64-linux-gnu/libXdmcp.so.6.0.0
7ff374171000-7ff374173000 r-xp 00000000 08:01 402355                     /usr/lib/x86_64-linux-gnu/libXau.so.6.0.0
7ff374173000-7ff374373000 ---p 00002000 08:01 402355                     /usr/lib/x86_64-linux-gnu/libXau.so.6.0.0
7ff374373000-7ff374374000 r--p 00002000 08:01 402355                     /usr/lib/x86_64-linux-gnu/libXau.so.6.0.0
7ff374374000-7ff374375000 rw-p 00003000 08:01 402355                     /usr/lib/x86_64-linux-gnu/libXau.so.6.0.0
7ff374375000-7ff37438f000 r-xp 00000000 08:01 402784                     /usr/lib/x86_64-linux-gnu/libgraphite2.so.3.0.1
7ff37438f000-7ff37458e000 ---p 0001a000 08:01 402784                     /usr/lib/x86_64-linux-gnu/libgraphite2.so.3.0.1
7ff37458e000-7ff374590000 r--p 00019000 08:01 402784                     /usr/lib/x86_64-linux-gnu/libgraphite2.so.3.0.1
7ff374590000-7ff374591000 rw-p 0001b000 08:01 402784                     /usr/lib/x86_64-linux-gnu/libgraphite2.so.3.0.1
7ff374591000-7ff37459c000 r-xp 00000000 08:01 402597                     /usr/lib/x86_64-linux-gnu/libdrm.so.2.4.0
7ff37459c000-7ff37479b000 ---p 0000b000 08:01 402597                     /usr/lib/x86_64-linux-gnu/libdrm.so.2.4.0
7ff37479b000-7ff37479c000 r--p 0000a000 08:01 402597                     /usr/lib/x86_64-linux-gnu/libdrm.so.2.4.0
7ff37479c000-7ff37479d000 rw-p 0000b000 08:01 402597                     /usr/lib/x86_64-linux-gnu/libdrm.so.2.4.0
7ff37479d000-7ff37479e000 r-xp 00000000 08:01 403431                     /usr/lib/x86_64-linux-gnu/libxshmfence.so.1.0.0
7ff37479e000-7ff37499d000 ---p 00001000 08:01 403431                     /usr/lib/x86_64-linux-gnu/libxshmfence.so.1.0.0
7ff37499d000-7ff37499e000 r--p 00000000 08:01 403431                     /usr/lib/x86_64-linux-gnu/libxshmfence.so.1.0.0
7ff37499e000-7ff37499f000 rw-p 00001000 08:01 403431                     /usr/lib/x86_64-linux-gnu/libxshmfence.so.1.0.0
7ff37499f000-7ff3749a4000 r-xp 00000000 08:01 403415                     /usr/lib/x86_64-linux-gnu/libxcb-sync.so.1.0.0
7ff3749a4000-7ff374ba3000 ---p 00005000 08:01 403415                     /usr/lib/x86_64-linux-gnu/libxcb-sync.so.1.0.0
7ff374ba3000-7ff374ba4000 r--p 00004000 08:01 403415                     /usr/lib/x86_64-linux-gnu/libxcb-sync.so.1.0.0
7ff374ba4000-7ff374ba5000 rw-p 00005000 08:01 403415                     /usr/lib/x86_64-linux-gnu/libxcb-sync.so.1.0.0
7ff374ba5000-7ff374ba7000 r-xp 00000000 08:01 403403                     /usr/lib/x86_64-linux-gnu/libxcb-present.so.0.0.0
7ff374ba7000-7ff374da6000 ---p 00002000 08:01 403403                     /usr/lib/x86_64-linux-gnu/libxcb-present.so.0.0.0
7ff374da6000-7ff374da7000 r--p 00001000 08:01 403403                     /usr/lib/x86_64-linux-gnu/libxcb-present.so.0.0.0
7ff374da7000-7ff374da8000 rw-p 00002000 08:01 403403                     /usr/lib/x86_64-linux-gnu/libxcb-present.so.0.0.0
7ff374da8000-7ff374daa000 r-xp 00000000 08:01 403395                     /usr/lib/x86_64-linux-gnu/libxcb-dri3.so.0.0.0
7ff374daa000-7ff374fa9000 ---p 00002000 08:01 403395                     /usr/lib/x86_64-linux-gnu/libxcb-dri3.so.0.0.0
7ff374fa9000-7ff374faa000 r--p 00001000 08:01 403395                     /usr/lib/x86_64-linux-gnu/libxcb-dri3.so.0.0.0
7ff374faa000-7ff374fab000 rw-p 00002000 08:01 403395                     /usr/lib/x86_64-linux-gnu/libxcb-dri3.so.0.0.0
7ff374fab000-7ff374fae000 r-xp 00000000 08:01 403393                     /usr/lib/x86_64-linux-gnu/libxcb-dri2.so.0.0.0
7ff374fae000-7ff3751ae000 ---p 00003000 08:01 403393                     /usr/lib/x86_64-linux-gnu/libxcb-dri2.so.0.0.0
7ff3751ae000-7ff3751af000 r--p 00003000 08:01 403393                     /usr/lib/x86_64-linux-gnu/libxcb-dri2.so.0.0.0
7ff3751af000-7ff3751b0000 rw-p 00004000 08:01 403393                     /usr/lib/x86_64-linux-gnu/libxcb-dri2.so.0.0.0
7ff3751b0000-7ff3751c5000 r-xp 00000000 08:01 403397                     /usr/lib/x86_64-linux-gnu/libxcb-glx.so.0.0.0
7ff3751c5000-7ff3753c4000 ---p 00015000 08:01 403397                     /usr/lib/x86_64-linux-gnu/libxcb-glx.so.0.0.0
7ff3753c4000-7ff3753c6000 r--p 00014000 08:01 403397                     /usr/lib/x86_64-linux-gnu/libxcb-glx.so.0.0.0
7ff3753c6000-7ff3753c7000 rw-p 00016000 08:01 403397                     /usr/lib/x86_64-linux-gnu/libxcb-glx.so.0.0.0
7ff3753c7000-7ff3753c8000 r-xp 00000000 08:01 402349                     /usr/lib/x86_64-linux-gnu/libX11-xcb.so.1.0.0
7ff3753c8000-7ff3755c7000 ---p 00001000 08:01 402349                     /usr/lib/x86_64-linux-gnu/libX11-xcb.so.1.0.0
7ff3755c7000-7ff3755c8000 r--p 00000000 08:01 402349                     /usr/lib/x86_64-linux-gnu/libX11-xcb.so.1.0.0
7ff3755c8000-7ff3755c9000 rw-p 00001000 08:01 402349                     /usr/lib/x86_64-linux-gnu/libX11-xcb.so.1.0.0
7ff3755c9000-7ff3755eb000 r-xp 00000000 08:01 402742                     /usr/lib/x86_64-linux-gnu/libglapi.so.0.0.0
7ff3755eb000-7ff3757eb000 ---p 00022000 08:01 402742                     /usr/lib/x86_64-linux-gnu/libglapi.so.0.0.0
7ff3757eb000-7ff3757ee000 r--p 00022000 08:01 402742                     /usr/lib/x86_64-linux-gnu/libglapi.so.0.0.0
7ff3757ee000-7ff3757ef000 rw-p 00025000 08:01 402742                     /usr/lib/x86_64-linux-gnu/libglapi.so.0.0.0
7ff3757ef000-7ff3757f0000 rw-p 00000000 00:00 0 
7ff3757f0000-7ff37582d000 r-xp 00000000 08:01 3412033                    /lib/x86_64-linux-gnu/libpcre.so.3.13.1
7ff37582d000-7ff375a2c000 ---p 0003d000 08:01 3412033                    /lib/x86_64-linux-gnu/libpcre.so.3.13.1
7ff375a2c000-7ff375a2d000 r--p 0003c000 08:01 3412033                    /lib/x86_64-linux-gnu/libpcre.so.3.13.1
7ff375a2d000-7ff375a2e000 rw-p 0003d000 08:01 3412033                    /lib/x86_64-linux-gnu/libpcre.so.3.13.1
7ff375a2e000-7ff375a35000 r-xp 00000000 08:01 402633                     /usr/lib/x86_64-linux-gnu/libffi.so.6.0.1
7ff375a35000-7ff375c34000 ---p 00007000 08:01 402633                     /usr/lib/x86_64-linux-gnu/libffi.so.6.0.1
7ff375c34000-7ff375c35000 r--p 00006000 08:01 402633                     /usr/lib/x86_64-linux-gnu/libffi.so.6.0.1
7ff375c35000-7ff375c36000 rw-p 00007000 08:01 402633                     /usr/lib/x86_64-linux-gnu/libffi.so.6.0.1
7ff375c36000-7ff375c5d000 r-xp 00000000 08:01 3411952                    /lib/x86_64-linux-gnu/libexpat.so.1.6.0
7ff375c5d000-7ff375e5d000 ---p 00027000 08:01 3411952                    /lib/x86_64-linux-gnu/libexpat.so.1.6.0
7ff375e5d000-7ff375e5f000 r--p 00027000 08:01 3411952                    /lib/x86_64-linux-gnu/libexpat.so.1.6.0
7ff375e5f000-7ff375e60000 rw-p 00029000 08:01 3411952                    /lib/x86_64-linux-gnu/libexpat.so.1.6.0
7ff375e60000-7ff375e68000 r-xp 00000000 08:01 403283                     /usr/lib/x86_64-linux-gnu/libthai.so.0.2.0
7ff375e68000-7ff376067000 ---p 00008000 08:01 403283                     /usr/lib/x86_64-linux-gnu/libthai.so.0.2.0
7ff376067000-7ff376068000 r--p 00007000 08:01 403283                     /usr/lib/x86_64-linux-gnu/libthai.so.0.2.0
7ff376068000-7ff376069000 rw-p 00008000 08:01 403283                     /usr/lib/x86_64-linux-gnu/libthai.so.0.2.0
7ff376069000-7ff376086000 r-xp 00000000 08:01 403423                     /usr/lib/x86_64-linux-gnu/libxcb.so.1.1.0
7ff376086000-7ff376286000 ---p 0001d000 08:01 403423                     /usr/lib/x86_64-linux-gnu/libxcb.so.1.1.0
7ff376286000-7ff376287000 r--p 0001d000 08:01 403423                     /usr/lib/x86_64-linux-gnu/libxcb.so.1.1.0
7ff376287000-7ff376288000 rw-p 0001e000 08:01 403423                     /usr/lib/x86_64-linux-gnu/libxcb.so.1.1.0
7ff376288000-7ff376290000 r-xp 00000000 08:01 403409                     /usr/lib/x86_64-linux-gnu/libxcb-render.so.0.0.0
7ff376290000-7ff37648f000 ---p 00008000 08:01 403409                     /usr/lib/x86_64-linux-gnu/libxcb-render.so.0.0.0
7ff37648f000-7ff376490000 r--p 00007000 08:01 403409                     /usr/lib/x86_64-linux-gnu/libxcb-render.so.0.0.0
7ff376490000-7ff376491000 rw-p 00008000 08:01 403409                     /usr/lib/x86_64-linux-gnu/libxcb-render.so.0.0.0
7ff376491000-7ff376493000 r-xp 00000000 08:01 403413                     /usr/lib/x86_64-linux-gnu/libxcb-shm.so.0.0.0
7ff376493000-7ff376692000 ---p 00002000 08:01 403413                     /usr/lib/x86_64-linux-gnu/libxcb-shm.so.0.0.0
7ff376692000-7ff376693000 r--p 00001000 08:01 403413                     /usr/lib/x86_64-linux-gnu/libxcb-shm.so.0.0.0
7ff376693000-7ff376694000 rw-p 00002000 08:01 403413                     /usr/lib/x86_64-linux-gnu/libxcb-shm.so.0.0.0
7ff376694000-7ff3766b9000 r-xp 00000000 08:01 3412045                    /lib/x86_64-linux-gnu/libpng12.so.0.50.0
7ff3766b9000-7ff3768b8000 ---p 00025000 08:01 3412045                    /lib/x86_64-linux-gnu/libpng12.so.0.50.0
7ff3768b8000-7ff3768b9000 r--p 00024000 08:01 3412045                    /lib/x86_64-linux-gnu/libpng12.so.0.50.0
7ff3768b9000-7ff3768ba000 rw-p 00025000 08:01 3412045                    /lib/x86_64-linux-gnu/libpng12.so.0.50.0
7ff3768ba000-7ff37695b000 r-xp 00000000 08:01 403113                     /usr/lib/x86_64-linux-gnu/libpixman-1.so.0.30.2
7ff37695b000-7ff376b5b000 ---p 000a1000 08:01 403113                     /usr/lib/x86_64-linux-gnu/libpixman-1.so.0.30.2
7ff376b5b000-7ff376b62000 r--p 000a1000 08:01 403113                     /usr/lib/x86_64-linux-gnu/libpixman-1.so.0.30.2
7ff376b62000-7ff376b63000 rw-p 000a8000 08:01 403113                     /usr/lib/x86_64-linux-gnu/libpixman-1.so.0.30.2
7ff376b63000-7ff376bb6000 r-xp 00000000 08:01 402897                     /usr/lib/x86_64-linux-gnu/libharfbuzz.so.0.927.0
7ff376bb6000-7ff376db6000 ---p 00053000 08:01 402897                     /usr/lib/x86_64-linux-gnu/libharfbuzz.so.0.927.0
7ff376db6000-7ff376db7000 r--p 00053000 08:01 402897                     /usr/lib/x86_64-linux-gnu/libharfbuzz.so.0.927.0
7ff376db7000-7ff376db8000 rw-p 00054000 08:01 402897                     /usr/lib/x86_64-linux-gnu/libharfbuzz.so.0.927.0
7ff376db8000-7ff376dcf000 r-xp 00000000 08:01 3412056                    /lib/x86_64-linux-gnu/libresolv-2.19.so
7ff376dcf000-7ff376fcf000 ---p 00017000 08:01 3412056                    /lib/x86_64-linux-gnu/libresolv-2.19.so
7ff376fcf000-7ff376fd0000 r--p 00017000 08:01 3412056                    /lib/x86_64-linux-gnu/libresolv-2.19.so
7ff376fd0000-7ff376fd1000 rw-p 00018000 08:01 3412056                    /lib/x86_64-linux-gnu/libresolv-2.19.so
7ff376fd1000-7ff376fd3000 rw-p 00000000 00:00 0 
7ff376fd3000-7ff376ff3000 r-xp 00000000 08:01 3412060                    /lib/x86_64-linux-gnu/libselinux.so.1
7ff376ff3000-7ff3771f2000 ---p 00020000 08:01 3412060                    /lib/x86_64-linux-gnu/libselinux.so.1
7ff3771f2000-7ff3771f3000 r--p 0001f000 08:01 3412060                    /lib/x86_64-linux-gnu/libselinux.so.1
7ff3771f3000-7ff3771f4000 rw-p 00020000 08:01 3412060                    /lib/x86_64-linux-gnu/libselinux.so.1
7ff3771f4000-7ff3771f6000 rw-p 00000000 00:00 0 
7ff3771f6000-7ff37720e000 r-xp 00000000 08:01 3412093                    /lib/x86_64-linux-gnu/libz.so.1.2.8
7ff37720e000-7ff37740d000 ---p 00018000 08:01 3412093                    /lib/x86_64-linux-gnu/libz.so.1.2.8
7ff37740d000-7ff37740e000 r--p 00017000 08:01 3412093                    /lib/x86_64-linux-gnu/libz.so.1.2.8
7ff37740e000-7ff37740f000 rw-p 00018000 08:01 3412093                    /lib/x86_64-linux-gnu/libz.so.1.2.8
7ff37740f000-7ff377420000 r-xp 00000000 08:01 402368                     /usr/lib/x86_64-linux-gnu/libXext.so.6.4.0
7ff377420000-7ff37761f000 ---p 00011000 08:01 402368                     /usr/lib/x86_64-linux-gnu/libXext.so.6.4.0
7ff37761f000-7ff377620000 r--p 00010000 08:01 402368                     /usr/lib/x86_64-linux-gnu/libXext.so.6.4.0
7ff377620000-7ff377621000 rw-p 00011000 08:01 402368                     /usr/lib/x86_64-linux-gnu/libXext.so.6.4.0
7ff377621000-7ff377623000 r-xp 00000000 08:01 402364                     /usr/lib/x86_64-linux-gnu/libXdamage.so.1.1.0
7ff377623000-7ff377822000 ---p 00002000 08:01 402364                     /usr/lib/x86_64-linux-gnu/libXdamage.so.1.1.0
7ff377822000-7ff377823000 r--p 00001000 08:01 402364                     /usr/lib/x86_64-linux-gnu/libXdamage.so.1.1.0
7ff377823000-7ff377824000 rw-p 00002000 08:01 402364                     /usr/lib/x86_64-linux-gnu/libXdamage.so.1.1.0
7ff377824000-7ff377826000 r-xp 00000000 08:01 402360                     /usr/lib/x86_64-linux-gnu/libXcomposite.so.1.0.0
7ff377826000-7ff377a25000 ---p 00002000 08:01 402360                     /usr/lib/x86_64-linux-gnu/libXcomposite.so.1.0.0
7ff377a25000-7ff377a26000 r--p 00001000 08:01 402360                     /usr/lib/x86_64-linux-gnu/libXcomposite.so.1.0.0
7ff377a26000-7ff377a27000 rw-p 00002000 08:01 402360                     /usr/lib/x86_64-linux-gnu/libXcomposite.so.1.0.0
7ff377a27000-7ff377a30000 r-xp 00000000 08:01 402362                     /usr/lib/x86_64-linux-gnu/libXcursor.so.1.0.2
7ff377a30000-7ff377c2f000 ---p 00009000 08:01 402362                     /usr/lib/x86_64-linux-gnu/libXcursor.so.1.0.2
7ff377c2f000-7ff377c30000 r--p 00008000 08:01 402362                     /usr/lib/x86_64-linux-gnu/libXcursor.so.1.0.2
7ff377c30000-7ff377c31000 rw-p 00009000 08:01 402362                     /usr/lib/x86_64-linux-gnu/libXcursor.so.1.0.2
7ff377c31000-7ff377c3a000 r-xp 00000000 08:01 402388                     /usr/lib/x86_64-linux-gnu/libXrandr.so.2.2.0
7ff377c3a000-7ff377e39000 ---p 00009000 08:01 402388                     /usr/lib/x86_64-linux-gnu/libXrandr.so.2.2.0
7ff377e39000-7ff377e3a000 r--p 00008000 08:01 402388                     /usr/lib/x86_64-linux-gnu/libXrandr.so.2.2.0
7ff377e3a000-7ff377e3b000 rw-p 00009000 08:01 402388                     /usr/lib/x86_64-linux-gnu/libXrandr.so.2.2.0
7ff377e3b000-7ff377e4a000 r-xp 00000000 08:01 402376                     /usr/lib/x86_64-linux-gnu/libXi.so.6.1.0
7ff377e4a000-7ff378049000 ---p 0000f000 08:01 402376                     /usr/lib/x86_64-linux-gnu/libXi.so.6.1.0
7ff378049000-7ff37804a000 r--p 0000e000 08:01 402376                     /usr/lib/x86_64-linux-gnu/libXi.so.6.1.0
7ff37804a000-7ff37804b000 rw-p 0000f000 08:01 402376                     /usr/lib/x86_64-linux-gnu/libXi.so.6.1.0
7ff37804b000-7ff37804d000 r-xp 00000000 08:01 402378                     /usr/lib/x86_64-linux-gnu/libXinerama.so.1.0.0
7ff37804d000-7ff37824c000 ---p 00002000 08:01 402378                     /usr/lib/x86_64-linux-gnu/libXinerama.so.1.0.0
7ff37824c000-7ff37824d000 r--p 00001000 08:01 402378                     /usr/lib/x86_64-linux-gnu/libXinerama.so.1.0.0
7ff37824d000-7ff37824e000 rw-p 00002000 08:01 402378                     /usr/lib/x86_64-linux-gnu/libXinerama.so.1.0.0
7ff37824e000-7ff378257000 r-xp 00000000 08:01 402390                     /usr/lib/x86_64-linux-gnu/libXrender.so.1.3.0
7ff378257000-7ff378456000 ---p 00009000 08:01 402390                     /usr/lib/x86_64-linux-gnu/libXrender.so.1.3.0
7ff378456000-7ff378457000 r--p 00008000 08:01 402390                     /usr/lib/x86_64-linux-gnu/libXrender.so.1.3.0
7ff378457000-7ff378458000 rw-p 00009000 08:01 402390                     /usr/lib/x86_64-linux-gnu/libXrender.so.1.3.0
7ff378458000-7ff37845d000 r-xp 00000000 08:01 402370                     /usr/lib/x86_64-linux-gnu/libXfixes.so.3.1.0
7ff37845d000-7ff37865c000 ---p 00005000 08:01 402370                     /usr/lib/x86_64-linux-gnu/libXfixes.so.3.1.0
7ff37865c000-7ff37865d000 r--p 00004000 08:01 402370                     /usr/lib/x86_64-linux-gnu/libXfixes.so.3.1.0
7ff37865d000-7ff37865e000 rw-p 00005000 08:01 402370                     /usr/lib/x86_64-linux-gnu/libXfixes.so.3.1.0
7ff37865e000-7ff378674000 r-xp 00000000 08:01 3417971                    /lib/x86_64-linux-gnu/libgcc_s.so.1
7ff378674000-7ff378873000 ---p 00016000 08:01 3417971                    /lib/x86_64-linux-gnu/libgcc_s.so.1
7ff378873000-7ff378874000 r--p 00015000 08:01 3417971                    /lib/x86_64-linux-gnu/libgcc_s.so.1
7ff378874000-7ff378875000 rw-p 00016000 08:01 3417971                    /lib/x86_64-linux-gnu/libgcc_s.so.1
7ff378875000-7ff3789e2000 r-xp 00000000 08:01 408348                     /usr/lib/x86_64-linux-gnu/libstdc++.so.6.0.21
7ff3789e2000-7ff378be1000 ---p 0016d000 08:01 408348                     /usr/lib/x86_64-linux-gnu/libstdc++.so.6.0.21
7ff378be1000-7ff378beb000 r--p 0016c000 08:01 408348                     /usr/lib/x86_64-linux-gnu/libstdc++.so.6.0.21
7ff378beb000-7ff378bed000 rw-p 00176000 08:01 408348                     /usr/lib/x86_64-linux-gnu/libstdc++.so.6.0.21
7ff378bed000-7ff378bf1000 rw-p 00000000 00:00 0 
7ff378bf1000-7ff378c52000 r-xp 00000000 08:01 658634                     /usr/lib/x86_64-linux-gnu/mesa/libGL.so.1.2.0
7ff378c52000-7ff378e51000 ---p 00061000 08:01 658634                     /usr/lib/x86_64-linux-gnu/mesa/libGL.so.1.2.0
7ff378e51000-7ff378e54000 r--p 00060000 08:01 658634                     /usr/lib/x86_64-linux-gnu/mesa/libGL.so.1.2.0
7ff378e54000-7ff378e55000 rw-p 00063000 08:01 658634                     /usr/lib/x86_64-linux-gnu/mesa/libGL.so.1.2.0
7ff378e55000-7ff378e56000 rw-p 00000000 00:00 0 
7ff378e56000-7ff378e5a000 r-xp 00000000 08:01 402406                     /usr/lib/x86_64-linux-gnu/libXxf86vm.so.1.0.0
7ff378e5a000-7ff37905a000 ---p 00004000 08:01 402406                     /usr/lib/x86_64-linux-gnu/libXxf86vm.so.1.0.0
7ff37905a000-7ff37905b000 r--p 00004000 08:01 402406                     /usr/lib/x86_64-linux-gnu/libXxf86vm.so.1.0.0
7ff37905b000-7ff37905c000 rw-p 00005000 08:01 402406                     /usr/lib/x86_64-linux-gnu/libXxf86vm.so.1.0.0
7ff37905c000-7ff37918c000 r-xp 00000000 08:01 402351                     /usr/lib/x86_64-linux-gnu/libX11.so.6.3.0
7ff37918c000-7ff37938c000 ---p 00130000 08:01 402351                     /usr/lib/x86_64-linux-gnu/libX11.so.6.3.0
7ff37938c000-7ff37938d000 r--p 00130000 08:01 402351                     /usr/lib/x86_64-linux-gnu/libX11.so.6.3.0
7ff37938d000-7ff379391000 rw-p 00131000 08:01 402351                     /usr/lib/x86_64-linux-gnu/libX11.so.6.3.0
7ff379391000-7ff379396000 r-xp 00000000 08:01 402396                     /usr/lib/x86_64-linux-gnu/libXtst.so.6.1.0
7ff379396000-7ff379595000 ---p 00005000 08:01 402396                     /usr/lib/x86_64-linux-gnu/libXtst.so.6.1.0
7ff379595000-7ff379596000 r--p 00004000 08:01 402396                     /usr/lib/x86_64-linux-gnu/libXtst.so.6.1.0
7ff379596000-7ff379597000 rw-p 00005000 08:01 402396                     /usr/lib/x86_64-linux-gnu/libXtst.so.6.1.0
7ff379597000-7ff37969d000 r-xp 00000000 08:01 3411961                    /lib/x86_64-linux-gnu/libglib-2.0.so.0.4000.0
7ff37969d000-7ff37989c000 ---p 00106000 08:01 3411961                    /lib/x86_64-linux-gnu/libglib-2.0.so.0.4000.0
7ff37989c000-7ff37989d000 r--p 00105000 08:01 3411961                    /lib/x86_64-linux-gnu/libglib-2.0.so.0.4000.0
7ff37989d000-7ff37989e000 rw-p 00106000 08:01 3411961                    /lib/x86_64-linux-gnu/libglib-2.0.so.0.4000.0
7ff37989e000-7ff37989f000 rw-p 00000000 00:00 0 
7ff37989f000-7ff3798a0000 r-xp 00000000 08:01 402873                     /usr/lib/x86_64-linux-gnu/libgthread-2.0.so.0.4000.0
7ff3798a0000-7ff379a9f000 ---p 00001000 08:01 402873                     /usr/lib/x86_64-linux-gnu/libgthread-2.0.so.0.4000.0
7ff379a9f000-7ff379aa0000 r--p 00000000 08:01 402873                     /usr/lib/x86_64-linux-gnu/libgthread-2.0.so.0.4000.0
7ff379aa0000-7ff379aa1000 rw-p 00001000 08:01 402873                     /usr/lib/x86_64-linux-gnu/libgthread-2.0.so.0.4000.0
7ff379aa1000-7ff379aa4000 r-xp 00000000 08:01 402750                     /usr/lib/x86_64-linux-gnu/libgmodule-2.0.so.0.4000.0
7ff379aa4000-7ff379ca3000 ---p 00003000 08:01 402750                     /usr/lib/x86_64-linux-gnu/libgmodule-2.0.so.0.4000.0
7ff379ca3000-7ff379ca4000 r--p 00002000 08:01 402750                     /usr/lib/x86_64-linux-gnu/libgmodule-2.0.so.0.4000.0
7ff379ca4000-7ff379ca5000 rw-p 00003000 08:01 402750                     /usr/lib/x86_64-linux-gnu/libgmodule-2.0.so.0.4000.0
7ff379ca5000-7ff379cf4000 r-xp 00000000 08:01 402766                     /usr/lib/x86_64-linux-gnu/libgobject-2.0.so.0.4000.0
7ff379cf4000-7ff379ef4000 ---p 0004f000 08:01 402766                     /usr/lib/x86_64-linux-gnu/libgobject-2.0.so.0.4000.0
7ff379ef4000-7ff379ef5000 r--p 0004f000 08:01 402766                     /usr/lib/x86_64-linux-gnu/libgobject-2.0.so.0.4000.0
7ff379ef5000-7ff379ef6000 rw-p 00050000 08:01 402766                     /usr/lib/x86_64-linux-gnu/libgobject-2.0.so.0.4000.0
7ff379ef6000-7ff379f30000 r-xp 00000000 08:01 402647                     /usr/lib/x86_64-linux-gnu/libfontconfig.so.1.8.0
7ff379f30000-7ff37a12f000 ---p 0003a000 08:01 402647                     /usr/lib/x86_64-linux-gnu/libfontconfig.so.1.8.0
7ff37a12f000-7ff37a131000 r--p 00039000 08:01 402647                     /usr/lib/x86_64-linux-gnu/libfontconfig.so.1.8.0
7ff37a131000-7ff37a132000 rw-p 0003b000 08:01 402647                     /usr/lib/x86_64-linux-gnu/libfontconfig.so.1.8.0
7ff37a132000-7ff37a1cf000 r-xp 00000000 08:01 402675                     /usr/lib/x86_64-linux-gnu/libfreetype.so.6.11.1
7ff37a1cf000-7ff37a3ce000 ---p 0009d000 08:01 402675                     /usr/lib/x86_64-linux-gnu/libfreetype.so.6.11.1
7ff37a3ce000-7ff37a3d4000 r--p 0009c000 08:01 402675                     /usr/lib/x86_64-linux-gnu/libfreetype.so.6.11.1
7ff37a3d4000-7ff37a3d5000 rw-p 000a2000 08:01 402675                     /usr/lib/x86_64-linux-gnu/libfreetype.so.6.11.1
7ff37a3d5000-7ff37a41f000 r-xp 00000000 08:01 403090                     /usr/lib/x86_64-linux-gnu/libpango-1.0.so.0.3600.3
7ff37a41f000-7ff37a61f000 ---p 0004a000 08:01 403090                     /usr/lib/x86_64-linux-gnu/libpango-1.0.so.0.3600.3
7ff37a61f000-7ff37a621000 r--p 0004a000 08:01 403090                     /usr/lib/x86_64-linux-gnu/libpango-1.0.so.0.3600.3
7ff37a621000-7ff37a622000 rw-p 0004c000 08:01 403090                     /usr/lib/x86_64-linux-gnu/libpango-1.0.so.0.3600.3
7ff37a622000-7ff37a728000 r-xp 00000000 08:01 402486                     /usr/lib/x86_64-linux-gnu/libcairo.so.2.11301.0
7ff37a728000-7ff37a927000 ---p 00106000 08:01 402486                     /usr/lib/x86_64-linux-gnu/libcairo.so.2.11301.0
7ff37a927000-7ff37a92a000 r--p 00105000 08:01 402486                     /usr/lib/x86_64-linux-gnu/libcairo.so.2.11301.0
7ff37a92a000-7ff37a92b000 rw-p 00108000 08:01 402486                     /usr/lib/x86_64-linux-gnu/libcairo.so.2.11301.0
7ff37a92b000-7ff37a92d000 rw-p 00000000 00:00 0 
7ff37a92d000-7ff37a938000 r-xp 00000000 08:01 403092                     /usr/lib/x86_64-linux-gnu/libpangocairo-1.0.so.0.3600.3
7ff37a938000-7ff37ab38000 ---p 0000b000 08:01 403092                     /usr/lib/x86_64-linux-gnu/libpangocairo-1.0.so.0.3600.3
7ff37ab38000-7ff37ab39000 r--p 0000b000 08:01 403092                     /usr/lib/x86_64-linux-gnu/libpangocairo-1.0.so.0.3600.3
7ff37ab39000-7ff37ab3a000 rw-p 0000c000 08:01 403092                     /usr/lib/x86_64-linux-gnu/libpangocairo-1.0.so.0.3600.3
7ff37ab3a000-7ff37ab59000 r-xp 00000000 08:01 402712                     /usr/lib/x86_64-linux-gnu/libgdk_pixbuf-2.0.so.0.3000.7
7ff37ab59000-7ff37ad59000 ---p 0001f000 08:01 402712                     /usr/lib/x86_64-linux-gnu/libgdk_pixbuf-2.0.so.0.3000.7
7ff37ad59000-7ff37ad5a000 r--p 0001f000 08:01 402712                     /usr/lib/x86_64-linux-gnu/libgdk_pixbuf-2.0.so.0.3000.7
7ff37ad5a000-7ff37ad5b000 rw-p 00020000 08:01 402712                     /usr/lib/x86_64-linux-gnu/libgdk_pixbuf-2.0.so.0.3000.7
7ff37ad5b000-7ff37ad6f000 r-xp 00000000 08:01 403094                     /usr/lib/x86_64-linux-gnu/libpangoft2-1.0.so.0.3600.3
7ff37ad6f000-7ff37af6e000 ---p 00014000 08:01 403094                     /usr/lib/x86_64-linux-gnu/libpangoft2-1.0.so.0.3600.3
7ff37af6e000-7ff37af6f000 r--p 00013000 08:01 403094                     /usr/lib/x86_64-linux-gnu/libpangoft2-1.0.so.0.3600.3
7ff37af6f000-7ff37af70000 rw-p 00014000 08:01 403094                     /usr/lib/x86_64-linux-gnu/libpangoft2-1.0.so.0.3600.3
7ff37af70000-7ff37b0db000 r-xp 00000000 08:01 402736                     /usr/lib/x86_64-linux-gnu/libgio-2.0.so.0.4000.0
7ff37b0db000-7ff37b2db000 ---p 0016b000 08:01 402736                     /usr/lib/x86_64-linux-gnu/libgio-2.0.so.0.4000.0
7ff37b2db000-7ff37b2df000 r--p 0016b000 08:01 402736                     /usr/lib/x86_64-linux-gnu/libgio-2.0.so.0.4000.0
7ff37b2df000-7ff37b2e1000 rw-p 0016f000 08:01 402736                     /usr/lib/x86_64-linux-gnu/libgio-2.0.so.0.4000.0
7ff37b2e1000-7ff37b2e3000 rw-p 00000000 00:00 0 
7ff37b2e3000-7ff37b302000 r-xp 00000000 08:01 402447                     /usr/lib/x86_64-linux-gnu/libatk-1.0.so.0.21009.1
7ff37b302000-7ff37b502000 ---p 0001f000 08:01 402447                     /usr/lib/x86_64-linux-gnu/libatk-1.0.so.0.21009.1
7ff37b502000-7ff37b504000 r--p 0001f000 08:01 402447                     /usr/lib/x86_64-linux-gnu/libatk-1.0.so.0.21009.1
7ff37b504000-7ff37b505000 rw-p 00021000 08:01 402447                     /usr/lib/x86_64-linux-gnu/libatk-1.0.so.0.21009.1
7ff37b505000-7ff37b5b2000 r-xp 00000000 08:01 402710                     /usr/lib/x86_64-linux-gnu/libgdk-x11-2.0.so.0.2400.23
7ff37b5b2000-7ff37b7b1000 ---p 000ad000 08:01 402710                     /usr/lib/x86_64-linux-gnu/libgdk-x11-2.0.so.0.2400.23
7ff37b7b1000-7ff37b7b5000 r--p 000ac000 08:01 402710                     /usr/lib/x86_64-linux-gnu/libgdk-x11-2.0.so.0.2400.23
7ff37b7b5000-7ff37b7b7000 rw-p 000b0000 08:01 402710                     /usr/lib/x86_64-linux-gnu/libgdk-x11-2.0.so.0.2400.23
7ff37b7b7000-7ff37bbe6000 r-xp 00000000 08:01 402877                     /usr/lib/x86_64-linux-gnu/libgtk-x11-2.0.so.0.2400.23
7ff37bbe6000-7ff37bde5000 ---p 0042f000 08:01 402877                     /usr/lib/x86_64-linux-gnu/libgtk-x11-2.0.so.0.2400.23
7ff37bde5000-7ff37bdec000 r--p 0042e000 08:01 402877                     /usr/lib/x86_64-linux-gnu/libgtk-x11-2.0.so.0.2400.23
7ff37bdec000-7ff37bdf0000 rw-p 00435000 08:01 402877                     /usr/lib/x86_64-linux-gnu/libgtk-x11-2.0.so.0.2400.23
7ff37bdf0000-7ff37bdf3000 rw-p 00000000 00:00 0 
7ff37bdf3000-7ff37bdff000 r-xp 00000000 08:01 408053                     /usr/lib/jvm/java-8-oracle/jre/lib/amd64/libprism_es2.so
7ff37bdff000-7ff37bffe000 ---p 0000c000 08:01 408053                     /usr/lib/jvm/java-8-oracle/jre/lib/amd64/libprism_es2.so
7ff37bffe000-7ff37bfff000 r--p 0000b000 08:01 408053                     /usr/lib/jvm/java-8-oracle/jre/lib/amd64/libprism_es2.so
7ff37bfff000-7ff37c000000 rw-p 0000c000 08:01 408053                     /usr/lib/jvm/java-8-oracle/jre/lib/amd64/libprism_es2.so
7ff37c000000-7ff37c021000 rw-p 00000000 00:00 0 
7ff37c021000-7ff380000000 ---p 00000000 00:00 0 
7ff380000000-7ff380399000 rw-p 00000000 00:00 0 
7ff380399000-7ff384000000 ---p 00000000 00:00 0 
7ff384000000-7ff38459a000 rw-p 00000000 00:00 0 
7ff38459a000-7ff388000000 ---p 00000000 00:00 0 
7ff388000000-7ff388021000 rw-p 00000000 00:00 0 
7ff388021000-7ff38c000000 ---p 00000000 00:00 0 
7ff38c000000-7ff38c021000 rw-p 00000000 00:00 0 
7ff38c021000-7ff390000000 ---p 00000000 00:00 0 
7ff390000000-7ff3905a0000 rw-p 00000000 00:00 0 
7ff3905a0000-7ff394000000 ---p 00000000 00:00 0 
7ff394000000-7ff394021000 rw-p 00000000 00:00 0 
7ff394021000-7ff398000000 ---p 00000000 00:00 0 
7ff398000000-7ff398021000 rw-p 00000000 00:00 0 
7ff398021000-7ff39c000000 ---p 00000000 00:00 0 
7ff39c000000-7ff39c021000 rw-p 00000000 00:00 0 
7ff39c021000-7ff3a0000000 ---p 00000000 00:00 0 
7ff3a0000000-7ff3a0021000 rw-p 00000000 00:00 0 
7ff3a0021000-7ff3a4000000 ---p 00000000 00:00 0 
7ff3a4000000-7ff3a4021000 rw-p 00000000 00:00 0 
7ff3a4021000-7ff3a8000000 ---p 00000000 00:00 0 
7ff3a805b000-7ff3a806e000 r--s 00345000 08:01 408156                     /usr/lib/jvm/java-8-oracle/jre/lib/resources.jar
7ff3a806e000-7ff3a8079000 r--s 00000000 08:01 802409                     /var/cache/fontconfig/945677eb7aeaf62f1d50efc3fb3ec7d8-le64.cache-4
7ff3a8079000-7ff3a807f000 r--s 00000000 08:01 802395                     /var/cache/fontconfig/2cd17615ca594fa2959ae173292e504c-le64.cache-4
7ff3a807f000-7ff3a8086000 r--s 00000000 08:01 802412                     /var/cache/fontconfig/a755afe4a08bf5b97852ceb7400b47bc-le64.cache-4
7ff3a8086000-7ff3a809a000 r--s 00000000 08:01 802390                     /var/cache/fontconfig/04aabc0a78ac019cf9454389977116d2-le64.cache-4
7ff3a809a000-7ff3a809d000 ---p 00000000 00:00 0 
7ff3a809d000-7ff3a819b000 rw-p 00000000 00:00 0                          [stack:6004]
7ff3a819b000-7ff3a8241000 r--s 010bb000 08:01 408071                     /usr/lib/jvm/java-8-oracle/jre/lib/ext/jfxrt.jar
7ff3a8241000-7ff3a8242000 ---p 00000000 00:00 0 
7ff3a8242000-7ff3a8342000 rw-p 00000000 00:00 0                          [stack:6003]
7ff3a8342000-7ff3a8345000 ---p 00000000 00:00 0 
7ff3a8345000-7ff3a8443000 rw-p 00000000 00:00 0                          [stack:6002]
7ff3a8443000-7ff3a8446000 ---p 00000000 00:00 0 
7ff3a8446000-7ff3a8544000 rw-p 00000000 00:00 0                          [stack:6001]
7ff3a8544000-7ff3a8547000 ---p 00000000 00:00 0 
7ff3a8547000-7ff3a8645000 rw-p 00000000 00:00 0                          [stack:6000]
7ff3a8645000-7ff3a8648000 ---p 00000000 00:00 0 
7ff3a8648000-7ff3a8746000 rw-p 00000000 00:00 0                          [stack:5999]
7ff3a8746000-7ff3a8e28000 r--p 00000000 08:01 401216                     /usr/lib/locale/locale-archive
7ff3a8e28000-7ff3a8e2b000 ---p 00000000 00:00 0 
7ff3a8e2b000-7ff3a8f29000 rw-p 00000000 00:00 0                          [stack:5998]
7ff3a8f29000-7ff3a8f2c000 ---p 00000000 00:00 0 
7ff3a8f2c000-7ff3a902a000 rw-p 00000000 00:00 0                          [stack:5997]
7ff3a902a000-7ff3a902b000 ---p 00000000 00:00 0 
7ff3a902b000-7ff3a9a34000 rw-p 00000000 00:00 0                          [stack:5995]
7ff3a9a34000-7ff3a9c09000 r--s 03c4d000 08:01 408143                     /usr/lib/jvm/java-8-oracle/jre/lib/rt.jar
7ff3a9c09000-7ff3ac4e8000 rw-p 00000000 00:00 0 
7ff3ac4e8000-7ff3ac4e9000 ---p 00000000 00:00 0 
7ff3ac4e9000-7ff3ac5e9000 rw-p 00000000 00:00 0                          [stack:5994]
7ff3ac5e9000-7ff3ac5ea000 ---p 00000000 00:00 0 
7ff3ac5ea000-7ff3ac709000 rw-p 00000000 00:00 0                          [stack:5993]
7ff3ac709000-7ff3ac834000 ---p 00000000 00:00 0 
7ff3ac834000-7ff3ac853000 rw-p 00000000 00:00 0 
7ff3ac853000-7ff3ac97e000 ---p 00000000 00:00 0 
7ff3ac97e000-7ff3ac98a000 rw-p 00000000 00:00 0 
7ff3ac98a000-7ff3aca23000 ---p 00000000 00:00 0 
7ff3aca23000-7ff3aca37000 rw-p 00000000 00:00 0 
7ff3aca37000-7ff3acde4000 ---p 00000000 00:00 0 
7ff3acde4000-7ff3ad2a4000 rwxp 00000000 00:00 0 
7ff3ad2a4000-7ff3bbde4000 ---p 00000000 00:00 0 
7ff3bbde4000-7ff3bbe00000 r-xp 00000000 08:01 408029                     /usr/lib/jvm/java-8-oracle/jre/lib/amd64/libzip.so
7ff3bbe00000-7ff3bbfff000 ---p 0001c000 08:01 408029                     /usr/lib/jvm/java-8-oracle/jre/lib/amd64/libzip.so
7ff3bbfff000-7ff3bc000000 rw-p 0001b000 08:01 408029                     /usr/lib/jvm/java-8-oracle/jre/lib/amd64/libzip.so
7ff3bc000000-7ff3bc412000 rw-p 00000000 00:00 0 
7ff3bc412000-7ff3c0000000 ---p 00000000 00:00 0 
7ff3c0001000-7ff3c0003000 rw-p 00000000 00:00 0 
7ff3c0003000-7ff3c0004000 r--s 00000000 08:01 802415                     /var/cache/fontconfig/c05880de57d1f5e948fdfacc138775d9-le64.cache-4
7ff3c0004000-7ff3c0005000 r--s 00000000 08:01 802425                     /var/cache/fontconfig/e7071f4a29fa870f4323321c154eba04-le64.cache-4
7ff3c0005000-7ff3c0006000 r--s 00000000 08:01 802392                     /var/cache/fontconfig/0d8c3b2ac0904cb8a57a757ad11a4a08-le64.cache-4
7ff3c0006000-7ff3c0007000 r--s 00000000 08:01 802394                     /var/cache/fontconfig/1ac9eb803944fde146138c791f5cc56a-le64.cache-4
7ff3c0007000-7ff3c000b000 r--s 00000000 08:01 802398                     /var/cache/fontconfig/385c0604a188198f04d133e54aba7fe7-le64.cache-4
7ff3c000b000-7ff3c000c000 r--s 00000000 08:01 802422                     /var/cache/fontconfig/dc05db6664285cc2f12bf69c139ae4c3-le64.cache-4
7ff3c000c000-7ff3c000e000 r--s 00000000 08:01 802406                     /var/cache/fontconfig/767a8244fc0220cfb567a839d0392e0b-le64.cache-4
7ff3c000e000-7ff3c0013000 r--s 00000000 08:01 802408                     /var/cache/fontconfig/8801497958630a81b71ace7c5f9b32a8-le64.cache-4
7ff3c0013000-7ff3c001a000 r--s 00000000 08:01 802396                     /var/cache/fontconfig/3047814df9a2f067bd2d96a2b9c36e5a-le64.cache-4
7ff3c001a000-7ff3c002d000 r--s 00000000 08:01 802419                     /var/cache/fontconfig/d52a8644073d54c13679302ca1180695-le64.cache-4
7ff3c002d000-7ff3c006d000 r--p 00000000 08:01 1184017                    /usr/share/glib-2.0/schemas/gschemas.compiled
7ff3c006d000-7ff3c00e3000 rw-p 00000000 00:00 0 
7ff3c00e3000-7ff3c00ee000 r-xp 00000000 08:01 3412005                    /lib/x86_64-linux-gnu/libnss_files-2.19.so
7ff3c00ee000-7ff3c02ed000 ---p 0000b000 08:01 3412005                    /lib/x86_64-linux-gnu/libnss_files-2.19.so
7ff3c02ed000-7ff3c02ee000 r--p 0000a000 08:01 3412005                    /lib/x86_64-linux-gnu/libnss_files-2.19.so
7ff3c02ee000-7ff3c02ef000 rw-p 0000b000 08:01 3412005                    /lib/x86_64-linux-gnu/libnss_files-2.19.so
7ff3c02ef000-7ff3c02fa000 r-xp 00000000 08:01 3412015                    /lib/x86_64-linux-gnu/libnss_nis-2.19.so
7ff3c02fa000-7ff3c04f9000 ---p 0000b000 08:01 3412015                    /lib/x86_64-linux-gnu/libnss_nis-2.19.so
7ff3c04f9000-7ff3c04fa000 r--p 0000a000 08:01 3412015                    /lib/x86_64-linux-gnu/libnss_nis-2.19.so
7ff3c04fa000-7ff3c04fb000 rw-p 0000b000 08:01 3412015                    /lib/x86_64-linux-gnu/libnss_nis-2.19.so
7ff3c04fb000-7ff3c0512000 r-xp 00000000 08:01 3411999                    /lib/x86_64-linux-gnu/libnsl-2.19.so
7ff3c0512000-7ff3c0711000 ---p 00017000 08:01 3411999                    /lib/x86_64-linux-gnu/libnsl-2.19.so
7ff3c0711000-7ff3c0712000 r--p 00016000 08:01 3411999                    /lib/x86_64-linux-gnu/libnsl-2.19.so
7ff3c0712000-7ff3c0713000 rw-p 00017000 08:01 3411999                    /lib/x86_64-linux-gnu/libnsl-2.19.so
7ff3c0713000-7ff3c0715000 rw-p 00000000 00:00 0 
7ff3c0715000-7ff3c071e000 r-xp 00000000 08:01 3412001                    /lib/x86_64-linux-gnu/libnss_compat-2.19.so
7ff3c071e000-7ff3c091d000 ---p 00009000 08:01 3412001                    /lib/x86_64-linux-gnu/libnss_compat-2.19.so
7ff3c091d000-7ff3c091e000 r--p 00008000 08:01 3412001                    /lib/x86_64-linux-gnu/libnss_compat-2.19.so
7ff3c091e000-7ff3c091f000 rw-p 00009000 08:01 3412001                    /lib/x86_64-linux-gnu/libnss_compat-2.19.so
7ff3c091f000-7ff3c0949000 r-xp 00000000 08:01 408011                     /usr/lib/jvm/java-8-oracle/jre/lib/amd64/libjava.so
7ff3c0949000-7ff3c0b49000 ---p 0002a000 08:01 408011                     /usr/lib/jvm/java-8-oracle/jre/lib/amd64/libjava.so
7ff3c0b49000-7ff3c0b4b000 rw-p 0002a000 08:01 408011                     /usr/lib/jvm/java-8-oracle/jre/lib/amd64/libjava.so
7ff3c0b4b000-7ff3c0b58000 r-xp 00000000 08:01 408061                     /usr/lib/jvm/java-8-oracle/jre/lib/amd64/libverify.so
7ff3c0b58000-7ff3c0d58000 ---p 0000d000 08:01 408061                     /usr/lib/jvm/java-8-oracle/jre/lib/amd64/libverify.so
7ff3c0d58000-7ff3c0d5a000 rw-p 0000d000 08:01 408061                     /usr/lib/jvm/java-8-oracle/jre/lib/amd64/libverify.so
7ff3c0d5a000-7ff3c0d61000 r-xp 00000000 08:01 3412058                    /lib/x86_64-linux-gnu/librt-2.19.so
7ff3c0d61000-7ff3c0f60000 ---p 00007000 08:01 3412058                    /lib/x86_64-linux-gnu/librt-2.19.so
7ff3c0f60000-7ff3c0f61000 r--p 00006000 08:01 3412058                    /lib/x86_64-linux-gnu/librt-2.19.so
7ff3c0f61000-7ff3c0f62000 rw-p 00007000 08:01 3412058                    /lib/x86_64-linux-gnu/librt-2.19.so
7ff3c0f62000-7ff3c1067000 r-xp 00000000 08:01 3411980                    /lib/x86_64-linux-gnu/libm-2.19.so
7ff3c1067000-7ff3c1266000 ---p 00105000 08:01 3411980                    /lib/x86_64-linux-gnu/libm-2.19.so
7ff3c1266000-7ff3c1267000 r--p 00104000 08:01 3411980                    /lib/x86_64-linux-gnu/libm-2.19.so
7ff3c1267000-7ff3c1268000 rw-p 00105000 08:01 3411980                    /lib/x86_64-linux-gnu/libm-2.19.so
7ff3c1268000-7ff3c1e82000 r-xp 00000000 08:01 408051                     /usr/lib/jvm/java-8-oracle/jre/lib/amd64/server/libjvm.so
7ff3c1e82000-7ff3c2081000 ---p 00c1a000 08:01 408051                     /usr/lib/jvm/java-8-oracle/jre/lib/amd64/server/libjvm.so
7ff3c2081000-7ff3c214a000 rw-p 00c19000 08:01 408051                     /usr/lib/jvm/java-8-oracle/jre/lib/amd64/server/libjvm.so
7ff3c214a000-7ff3c218b000 rw-p 00000000 00:00 0 
7ff3c218b000-7ff3c2347000 r-xp 00000000 08:01 3411930                    /lib/x86_64-linux-gnu/libc-2.19.so
7ff3c2347000-7ff3c2546000 ---p 001bc000 08:01 3411930                    /lib/x86_64-linux-gnu/libc-2.19.so
7ff3c2546000-7ff3c254a000 r--p 001bb000 08:01 3411930                    /lib/x86_64-linux-gnu/libc-2.19.so
7ff3c254a000-7ff3c254c000 rw-p 001bf000 08:01 3411930                    /lib/x86_64-linux-gnu/libc-2.19.so
7ff3c254c000-7ff3c2551000 rw-p 00000000 00:00 0 
7ff3c2551000-7ff3c2554000 r-xp 00000000 08:01 3411947                    /lib/x86_64-linux-gnu/libdl-2.19.so
7ff3c2554000-7ff3c2753000 ---p 00003000 08:01 3411947                    /lib/x86_64-linux-gnu/libdl-2.19.so
7ff3c2753000-7ff3c2754000 r--p 00002000 08:01 3411947                    /lib/x86_64-linux-gnu/libdl-2.19.so
7ff3c2754000-7ff3c2755000 rw-p 00003000 08:01 3411947                    /lib/x86_64-linux-gnu/libdl-2.19.so
7ff3c2755000-7ff3c276c000 r-xp 00000000 08:01 408025                     /usr/lib/jvm/java-8-oracle/jre/lib/amd64/jli/libjli.so
7ff3c276c000-7ff3c296b000 ---p 00017000 08:01 408025                     /usr/lib/jvm/java-8-oracle/jre/lib/amd64/jli/libjli.so
7ff3c296b000-7ff3c296c000 rw-p 00016000 08:01 408025                     /usr/lib/jvm/java-8-oracle/jre/lib/amd64/jli/libjli.so
7ff3c296c000-7ff3c2985000 r-xp 00000000 08:01 3412050                    /lib/x86_64-linux-gnu/libpthread-2.19.so
7ff3c2985000-7ff3c2b84000 ---p 00019000 08:01 3412050                    /lib/x86_64-linux-gnu/libpthread-2.19.so
7ff3c2b84000-7ff3c2b85000 r--p 00018000 08:01 3412050                    /lib/x86_64-linux-gnu/libpthread-2.19.so
7ff3c2b85000-7ff3c2b86000 rw-p 00019000 08:01 3412050                    /lib/x86_64-linux-gnu/libpthread-2.19.so
7ff3c2b86000-7ff3c2b8a000 rw-p 00000000 00:00 0 
7ff3c2b8a000-7ff3c2bad000 r-xp 00000000 08:01 3411906                    /lib/x86_64-linux-gnu/ld-2.19.so
7ff3c2bad000-7ff3c2bae000 r--s 00000000 08:01 802400                     /var/cache/fontconfig/4794a0821666d79190d59a36cb4f44b5-le64.cache-4
7ff3c2bae000-7ff3c2baf000 r--s 00000000 08:01 802402                     /var/cache/fontconfig/56cf4f4769d0f4abc89a4895d7bd3ae1-le64.cache-4
7ff3c2baf000-7ff3c2bb5000 r--s 00000000 08:01 802413                     /var/cache/fontconfig/b47c4e1ecd0709278f4910c18777a504-le64.cache-4
7ff3c2bb5000-7ff3c2bbe000 r--s 00000000 08:01 802399                     /var/cache/fontconfig/3f7329c5293ffd510edef78f73874cfd-le64.cache-4
7ff3c2bbe000-7ff3c2bc2000 r--s 00000000 08:01 802420                     /var/cache/fontconfig/d589a48862398ed80a3d6066f4f56f4c-le64.cache-4
7ff3c2bc2000-7ff3c2bcf000 r--s 00000000 08:01 793523                     /var/cache/fontconfig/e13b20fdb08344e0e664864cc2ede53d-le64.cache-4
7ff3c2bcf000-7ff3c2bd3000 r--s 00000000 08:01 793511                     /var/cache/fontconfig/7ef2298fde41cc6eeb7af42e48b7d293-le64.cache-4
7ff3c2bd3000-7ff3c2c91000 rw-p 00000000 00:00 0 
7ff3c2c91000-7ff3c2c94000 ---p 00000000 00:00 0 
7ff3c2c94000-7ff3c2d96000 rw-p 00000000 00:00 0                          [stack:5991]
7ff3c2d96000-7ff3c2d97000 r--s 00000000 08:01 802414                     /var/cache/fontconfig/b9d506c9ac06c20b433354fa67a72993-le64.cache-4
7ff3c2d97000-7ff3c2d98000 r--s 00000000 08:01 802391                     /var/cache/fontconfig/0c9eb80ebd1c36541ebe2852d3bb0c49-le64.cache-4
7ff3c2d98000-7ff3c2d99000 r--s 00000000 08:01 2371460                    /home/student/.cache/fontconfig/a13bf7c12595bc64072643b2581acfe5-le64.cache-4
7ff3c2d99000-7ff3c2d9a000 r--s 00014000 08:01 3025644                    /home/student/Desktop/Mirage/dist/run492362764/lib/java-json.jar
7ff3c2d9a000-7ff3c2d9e000 r--p 00000000 08:01 2371167                    /home/student/.config/dconf/user
7ff3c2d9e000-7ff3c2d9f000 r--s 00000000 00:15 51783                      /run/user/1000/dconf/user
7ff3c2d9f000-7ff3c2da0000 r--s 0022e000 08:01 2896103                    /home/student/Desktop/Mirage/dist/run492362764/Mirage.jar
7ff3c2da0000-7ff3c2da8000 rw-s 00000000 08:01 664639                     /tmp/hsperfdata_student/5989
7ff3c2da8000-7ff3c2da9000 rw-p 00000000 00:00 0 
7ff3c2da9000-7ff3c2daa000 r--p 00000000 00:00 0 
7ff3c2daa000-7ff3c2dac000 rw-p 00000000 00:00 0 
7ff3c2dac000-7ff3c2dad000 r--p 00022000 08:01 3411906                    /lib/x86_64-linux-gnu/ld-2.19.so
7ff3c2dad000-7ff3c2dae000 rw-p 00023000 08:01 3411906                    /lib/x86_64-linux-gnu/ld-2.19.so
7ff3c2dae000-7ff3c2daf000 rw-p 00000000 00:00 0 
7fff98254000-7fff98275000 rw-p 00000000 00:00 0                          [stack]
7fff982cb000-7fff982cd000 r-xp 00000000 00:00 0                          [vdso]
ffffffffff600000-ffffffffff601000 r-xp 00000000 00:00 0                  [vsyscall]

VM Arguments:
jvm_args: -Dfile.encoding=UTF-8 
java_command: /home/student/Desktop/Mirage/dist/run492362764/Mirage.jar
java_class_path (initial): /home/student/Desktop/Mirage/dist/run492362764/Mirage.jar
Launcher Type: SUN_STANDARD

Environment Variables:
PATH=/usr/local/sbin:/usr/local/bin:/usr/sbin:/usr/bin:/sbin:/bin:/usr/games:/usr/local/games
LD_LIBRARY_PATH=/usr/lib/jvm/java-8-oracle/jre/lib/amd64:/usr/lib/jvm/java-8-oracle/jre/lib/i386:
SHELL=/bin/bash
DISPLAY=:0.0

Signal Handlers:
SIGSEGV: [libjvm.so+0xa2fc90], sa_mask[0]=0x7ffbfeff, sa_flags=0x10000004
SIGBUS: [libjvm.so+0xa2fc90], sa_mask[0]=0x7ffbfeff, sa_flags=0x10000004
SIGFPE: [libjvm.so+0x89b4b0], sa_mask[0]=0x7ffbfeff, sa_flags=0x10000004
SIGPIPE: SIG_IGN, sa_mask[0]=0x00001000, sa_flags=0x10000000
SIGXFSZ: [libjvm.so+0x89b4b0], sa_mask[0]=0x7ffbfeff, sa_flags=0x10000004
SIGILL: [libjvm.so+0x89b4b0], sa_mask[0]=0x7ffbfeff, sa_flags=0x10000004
SIGUSR1: SIG_DFL, sa_mask[0]=0x00000000, sa_flags=0x00000000
SIGUSR2: [libjvm.so+0x89cc50], sa_mask[0]=0x00000004, sa_flags=0x10000004
SIGHUP: [libjvm.so+0x89df00], sa_mask[0]=0x7ffbfeff, sa_flags=0x10000004
SIGINT: SIG_IGN, sa_mask[0]=0x00000000, sa_flags=0x00000000
SIGTERM: [libjvm.so+0x89df00], sa_mask[0]=0x7ffbfeff, sa_flags=0x10000004
SIGQUIT: [libjvm.so+0x89df00], sa_mask[0]=0x7ffbfeff, sa_flags=0x10000004


---------------  S Y S T E M  ---------------

OS:DISTRIB_ID=Ubuntu
DISTRIB_RELEASE=14.04
DISTRIB_CODENAME=trusty
DISTRIB_DESCRIPTION="Ubuntu 14.04 LTS"

uname:Linux 3.13.0-24-generic #46-Ubuntu SMP Thu Apr 10 19:11:08 UTC 2014 x86_64
libc:glibc 2.19 NPTL 2.19 
rlimit: STACK 8192k, CORE 0k, NPROC 31459, NOFILE 4096, AS infinity
load average:0.47 0.44 0.53

/proc/meminfo:
MemTotal:        4048292 kB
MemFree:          244344 kB
Buffers:          130460 kB
Cached:           952156 kB
SwapCached:         2240 kB
Active:          2451872 kB
Inactive:        1151120 kB
Active(anon):    1918952 kB
Inactive(anon):   619572 kB
Active(file):     532920 kB
Inactive(file):   531548 kB
Unevictable:          48 kB
Mlocked:              48 kB
SwapTotal:       1046524 kB
SwapFree:        1042616 kB
Dirty:              5452 kB
Writeback:             0 kB
AnonPages:       2518276 kB
Mapped:           188928 kB
Shmem:             18100 kB
Slab:             121536 kB
SReclaimable:      98276 kB
SUnreclaim:        23260 kB
KernelStack:        3896 kB
PageTables:        34656 kB
NFS_Unstable:          0 kB
Bounce:                0 kB
WritebackTmp:          0 kB
CommitLimit:     3070668 kB
Committed_AS:    5518064 kB
VmallocTotal:   34359738367 kB
VmallocUsed:       54996 kB
VmallocChunk:   34359680087 kB
HardwareCorrupted:     0 kB
AnonHugePages:   1599488 kB
HugePages_Total:       0
HugePages_Free:        0
HugePages_Rsvd:        0
HugePages_Surp:        0
Hugepagesize:       2048 kB
DirectMap4k:       42944 kB
DirectMap2M:     4151296 kB


CPU:total 2 (2 cores per cpu, 1 threads per core) family 6 model 60 stepping 3, cmov, cx8, fxsr, mmx, sse, sse2, sse3, ssse3, sse4.1, sse4.2, popcnt, avx, aes, clmul, tsc, tscinvbit

/proc/cpuinfo:
processor	: 0
vendor_id	: GenuineIntel
cpu family	: 6
model		: 60
model name	: Intel(R) Core(TM) i7-4790 CPU @ 3.60GHz
stepping	: 3
cpu MHz		: 3591.702
cache size	: 8192 KB
physical id	: 0
siblings	: 2
core id		: 0
cpu cores	: 2
apicid		: 0
initial apicid	: 0
fpu		: yes
fpu_exception	: yes
cpuid level	: 13
wp		: yes
flags		: fpu vme de pse tsc msr pae mce cx8 apic sep mtrr pge mca cmov pat pse36 clflush mmx fxsr sse sse2 ht syscall nx rdtscp lm constant_tsc rep_good nopl xtopology nonstop_tsc pni pclmulqdq ssse3 cx16 sse4_1 sse4_2 movbe popcnt aes xsave avx rdrand hypervisor lahf_lm abm
bogomips	: 7183.40
clflush size	: 64
cache_alignment	: 64
address sizes	: 39 bits physical, 48 bits virtual
power management:

processor	: 1
vendor_id	: GenuineIntel
cpu family	: 6
model		: 60
model name	: Intel(R) Core(TM) i7-4790 CPU @ 3.60GHz
stepping	: 3
cpu MHz		: 3591.702
cache size	: 8192 KB
physical id	: 0
siblings	: 2
core id		: 1
cpu cores	: 2
apicid		: 1
initial apicid	: 1
fpu		: yes
fpu_exception	: yes
cpuid level	: 13
wp		: yes
flags		: fpu vme de pse tsc msr pae mce cx8 apic sep mtrr pge mca cmov pat pse36 clflush mmx fxsr sse sse2 ht syscall nx rdtscp lm constant_tsc rep_good nopl xtopology nonstop_tsc pni pclmulqdq ssse3 cx16 sse4_1 sse4_2 movbe popcnt aes xsave avx rdrand hypervisor lahf_lm abm
bogomips	: 7183.40
clflush size	: 64
cache_alignment	: 64
address sizes	: 39 bits physical, 48 bits virtual
power management:



Memory: 4k page, physical 4048292k(244328k free), swap 1046524k(1042616k free)

vm_info: Java HotSpot(TM) 64-Bit Server VM (25.5-b02) for linux-amd64 JRE (1.8.0_05-b13), built on Mar 18 2014 00:29:27 by "java_re" with gcc 4.3.0 20080428 (Red Hat 4.3.0-8)

time: Thu Dec  8 11:36:06 2016
elapsed time: 8 seconds

